-------------------------------------------------------------------------------
Test set: com.example.demo.student.StudentRepositoryTest
-------------------------------------------------------------------------------
Tests run: 1, Failures: 0, Errors: 1, Skipped: 0, Time elapsed: 0.001 s <<< FAILURE! - in com.example.demo.student.StudentRepositoryTest
itShouldCheckIfStudentExistsEmail  Time elapsed: 0.001 s  <<< ERROR!
java.lang.NullPointerException: Cannot invoke "com.example.demo.student.StudentRepository.save(Object)" because "this.underTest" is null
	at com.example.demo.student.StudentRepositoryTest.itShouldCheckIfStudentExistsEmail(StudentRepositoryTest.java:22)

