<?xml version="1.0" encoding="UTF-8"?>
<testsuite xmlns:xsi="http://www.w3.org/2001/XMLSchema-instance" xsi:noNamespaceSchemaLocation="https://maven.apache.org/surefire/maven-surefire-plugin/xsd/surefire-test-report.xsd" name="com.example.demo.student.StudentRepositoryTest" time="0.001" tests="1" errors="1" skipped="0" failures="0">
  <properties>
[...]
</properties>
  <testcase name="itShouldCheckIfStudentExistsEmail" classname="com.example.demo.student.StudentRepositoryTest" time="0.001">
    <error message="Cannot invoke &quot;com.example.demo.student.StudentRepository.save(Object)&quot; because &quot;this.underTest&quot; is null" type="java.lang.NullPointerException">java.lang.NullPointerException: Cannot invoke "com.example.demo.student.StudentRepository.save(Object)" because "this.underTest" is null
	at com.example.demo.student.StudentRepositoryTest.itShouldCheckIfStudentExistsEmail(StudentRepositoryTest.java:22)
</error>
  </testcase>
</testsuite>