<?xml version="1.0" encoding="UTF-8"?>
<testsuite xmlns:xsi="http://www.w3.org/2001/XMLSchema-instance" xsi:noNamespaceSchemaLocation="https://maven.apache.org/surefire/maven-surefire-plugin/xsd/surefire-test-report.xsd" name="pl.devfoundry.testing.account.AddressTest" time="1.906" tests="1203" errors="0" skipped="0" failures="0">
  <properties>
[...]
</properties>
  <testcase name="addressesFromFileShouldNotBeEmptyAndHaveProperNames{String, String}" classname="pl.devfoundry.testing.account.AddressTest" time="0.033"/>
  <testcase name="addressesFromFileShouldNotBeEmptyAndHaveProperNames{String, String}" classname="pl.devfoundry.testing.account.AddressTest" time="0"/>
  <testcase name="addressesFromFileShouldNotBeEmptyAndHaveProperNames{String, String}" classname="pl.devfoundry.testing.account.AddressTest" time="0.001"/>
  <testcase name="addressesFromFileShouldNotBeEmptyAndHaveProperNames{String, String}" classname="pl.devfoundry.testing.account.AddressTest" time="0"/>
  <testcase name="addressesFromFileShouldNotBeEmptyAndHaveProperNames{String, String}" classname="pl.devfoundry.testing.account.AddressTest" time="0"/>
  <testcase name="addressesFromFileShouldNotBeEmptyAndHaveProperNames{String, String}" classname="pl.devfoundry.testing.account.AddressTest" time="0"/>
  <testcase name="addressesFromFileShouldNotBeEmptyAndHaveProperNames{String, String}" classname="pl.devfoundry.testing.account.AddressTest" time="0.001"/>
  <testcase name="addressesFromFileShouldNotBeEmptyAndHaveProperNames{String, String}" classname="pl.devfoundry.testing.account.AddressTest" time="0"/>
  <testcase name="addressesFromFileShouldNotBeEmptyAndHaveProperNames{String, String}" classname="pl.devfoundry.testing.account.AddressTest" time="0.001"/>
  <testcase name="addressesFromFileShouldNotBeEmptyAndHaveProperNames{String, String}" classname="pl.devfoundry.testing.account.AddressTest" time="0.001"/>
  <testcase name="addressesFromFileShouldNotBeEmptyAndHaveProperNames{String, String}" classname="pl.devfoundry.testing.account.AddressTest" time="0.001"/>
  <testcase name="addressesFromFileShouldNotBeEmptyAndHaveProperNames{String, String}" classname="pl.devfoundry.testing.account.AddressTest" time="0"/>
  <testcase name="addressesFromFileShouldNotBeEmptyAndHaveProperNames{String, String}" classname="pl.devfoundry.testing.account.AddressTest" time="0.001"/>
  <testcase name="addressesFromFileShouldNotBeEmptyAndHaveProperNames{String, String}" classname="pl.devfoundry.testing.account.AddressTest" time="0.003"/>
  <testcase name="addressesFromFileShouldNotBeEmptyAndHaveProperNames{String, String}" classname="pl.devfoundry.testing.account.AddressTest" time="0.001"/>
  <testcase name="addressesFromFileShouldNotBeEmptyAndHaveProperNames{String, String}" classname="pl.devfoundry.testing.account.AddressTest" time="0.001"/>
  <testcase name="addressesFromFileShouldNotBeEmptyAndHaveProperNames{String, String}" classname="pl.devfoundry.testing.account.AddressTest" time="0"/>
  <testcase name="addressesFromFileShouldNotBeEmptyAndHaveProperNames{String, String}" classname="pl.devfoundry.testing.account.AddressTest" time="0.001"/>
  <testcase name="addressesFromFileShouldNotBeEmptyAndHaveProperNames{String, String}" classname="pl.devfoundry.testing.account.AddressTest" time="0"/>
  <testcase name="addressesFromFileShouldNotBeEmptyAndHaveProperNames{String, String}" classname="pl.devfoundry.testing.account.AddressTest" time="0"/>
  <testcase name="addressesFromFileShouldNotBeEmptyAndHaveProperNames{String, String}" classname="pl.devfoundry.testing.account.AddressTest" time="0"/>
  <testcase name="addressesFromFileShouldNotBeEmptyAndHaveProperNames{String, String}" classname="pl.devfoundry.testing.account.AddressTest" time="0"/>
  <testcase name="addressesFromFileShouldNotBeEmptyAndHaveProperNames{String, String}" classname="pl.devfoundry.testing.account.AddressTest" time="0"/>
  <testcase name="addressesFromFileShouldNotBeEmptyAndHaveProperNames{String, String}" classname="pl.devfoundry.testing.account.AddressTest" time="0.001"/>
  <testcase name="addressesFromFileShouldNotBeEmptyAndHaveProperNames{String, String}" classname="pl.devfoundry.testing.account.AddressTest" time="0"/>
  <testcase name="addressesFromFileShouldNotBeEmptyAndHaveProperNames{String, String}" classname="pl.devfoundry.testing.account.AddressTest" time="0.001"/>
  <testcase name="addressesFromFileShouldNotBeEmptyAndHaveProperNames{String, String}" classname="pl.devfoundry.testing.account.AddressTest" time="0.001"/>
  <testcase name="addressesFromFileShouldNotBeEmptyAndHaveProperNames{String, String}" classname="pl.devfoundry.testing.account.AddressTest" time="0"/>
  <testcase name="addressesFromFileShouldNotBeEmptyAndHaveProperNames{String, String}" classname="pl.devfoundry.testing.account.AddressTest" time="0.001"/>
  <testcase name="addressesFromFileShouldNotBeEmptyAndHaveProperNames{String, String}" classname="pl.devfoundry.testing.account.AddressTest" time="0.001"/>
  <testcase name="addressesFromFileShouldNotBeEmptyAndHaveProperNames{String, String}" classname="pl.devfoundry.testing.account.AddressTest" time="0"/>
  <testcase name="addressesFromFileShouldNotBeEmptyAndHaveProperNames{String, String}" classname="pl.devfoundry.testing.account.AddressTest" time="0.001"/>
  <testcase name="addressesFromFileShouldNotBeEmptyAndHaveProperNames{String, String}" classname="pl.devfoundry.testing.account.AddressTest" time="0.001"/>
  <testcase name="addressesFromFileShouldNotBeEmptyAndHaveProperNames{String, String}" classname="pl.devfoundry.testing.account.AddressTest" time="0"/>
  <testcase name="addressesFromFileShouldNotBeEmptyAndHaveProperNames{String, String}" classname="pl.devfoundry.testing.account.AddressTest" time="0.001"/>
  <testcase name="addressesFromFileShouldNotBeEmptyAndHaveProperNames{String, String}" classname="pl.devfoundry.testing.account.AddressTest" time="0.001"/>
  <testcase name="addressesFromFileShouldNotBeEmptyAndHaveProperNames{String, String}" classname="pl.devfoundry.testing.account.AddressTest" time="0"/>
  <testcase name="addressesFromFileShouldNotBeEmptyAndHaveProperNames{String, String}" classname="pl.devfoundry.testing.account.AddressTest" time="0.001"/>
  <testcase name="addressesFromFileShouldNotBeEmptyAndHaveProperNames{String, String}" classname="pl.devfoundry.testing.account.AddressTest" time="0.001"/>
  <testcase name="addressesFromFileShouldNotBeEmptyAndHaveProperNames{String, String}" classname="pl.devfoundry.testing.account.AddressTest" time="0.001"/>
  <testcase name="addressesFromFileShouldNotBeEmptyAndHaveProperNames{String, String}" classname="pl.devfoundry.testing.account.AddressTest" time="0"/>
  <testcase name="addressesFromFileShouldNotBeEmptyAndHaveProperNames{String, String}" classname="pl.devfoundry.testing.account.AddressTest" time="0"/>
  <testcase name="addressesFromFileShouldNotBeEmptyAndHaveProperNames{String, String}" classname="pl.devfoundry.testing.account.AddressTest" time="0.002"/>
  <testcase name="addressesFromFileShouldNotBeEmptyAndHaveProperNames{String, String}" classname="pl.devfoundry.testing.account.AddressTest" time="0.001"/>
  <testcase name="addressesFromFileShouldNotBeEmptyAndHaveProperNames{String, String}" classname="pl.devfoundry.testing.account.AddressTest" time="0"/>
  <testcase name="addressesFromFileShouldNotBeEmptyAndHaveProperNames{String, String}" classname="pl.devfoundry.testing.account.AddressTest" time="0.001"/>
  <testcase name="addressesFromFileShouldNotBeEmptyAndHaveProperNames{String, String}" classname="pl.devfoundry.testing.account.AddressTest" time="0.039"/>
  <testcase name="addressesFromFileShouldNotBeEmptyAndHaveProperNames{String, String}" classname="pl.devfoundry.testing.account.AddressTest" time="0"/>
  <testcase name="addressesFromFileShouldNotBeEmptyAndHaveProperNames{String, String}" classname="pl.devfoundry.testing.account.AddressTest" time="0"/>
  <testcase name="addressesFromFileShouldNotBeEmptyAndHaveProperNames{String, String}" classname="pl.devfoundry.testing.account.AddressTest" time="0"/>
  <testcase name="addressesFromFileShouldNotBeEmptyAndHaveProperNames{String, String}" classname="pl.devfoundry.testing.account.AddressTest" time="0"/>
  <testcase name="addressesFromFileShouldNotBeEmptyAndHaveProperNames{String, String}" classname="pl.devfoundry.testing.account.AddressTest" time="0"/>
  <testcase name="addressesFromFileShouldNotBeEmptyAndHaveProperNames{String, String}" classname="pl.devfoundry.testing.account.AddressTest" time="0"/>
  <testcase name="addressesFromFileShouldNotBeEmptyAndHaveProperNames{String, String}" classname="pl.devfoundry.testing.account.AddressTest" time="0"/>
  <testcase name="addressesFromFileShouldNotBeEmptyAndHaveProperNames{String, String}" classname="pl.devfoundry.testing.account.AddressTest" time="0"/>
  <testcase name="addressesFromFileShouldNotBeEmptyAndHaveProperNames{String, String}" classname="pl.devfoundry.testing.account.AddressTest" time="0"/>
  <testcase name="addressesFromFileShouldNotBeEmptyAndHaveProperNames{String, String}" classname="pl.devfoundry.testing.account.AddressTest" time="0.032"/>
  <testcase name="addressesFromFileShouldNotBeEmptyAndHaveProperNames{String, String}" classname="pl.devfoundry.testing.account.AddressTest" time="0"/>
  <testcase name="addressesFromFileShouldNotBeEmptyAndHaveProperNames{String, String}" classname="pl.devfoundry.testing.account.AddressTest" time="0"/>
  <testcase name="addressesFromFileShouldNotBeEmptyAndHaveProperNames{String, String}" classname="pl.devfoundry.testing.account.AddressTest" time="0"/>
  <testcase name="addressesFromFileShouldNotBeEmptyAndHaveProperNames{String, String}" classname="pl.devfoundry.testing.account.AddressTest" time="0"/>
  <testcase name="addressesFromFileShouldNotBeEmptyAndHaveProperNames{String, String}" classname="pl.devfoundry.testing.account.AddressTest" time="0"/>
  <testcase name="addressesFromFileShouldNotBeEmptyAndHaveProperNames{String, String}" classname="pl.devfoundry.testing.account.AddressTest" time="0"/>
  <testcase name="addressesFromFileShouldNotBeEmptyAndHaveProperNames{String, String}" classname="pl.devfoundry.testing.account.AddressTest" time="0"/>
  <testcase name="addressesFromFileShouldNotBeEmptyAndHaveProperNames{String, String}" classname="pl.devfoundry.testing.account.AddressTest" time="0"/>
  <testcase name="addressesFromFileShouldNotBeEmptyAndHaveProperNames{String, String}" classname="pl.devfoundry.testing.account.AddressTest" time="0"/>
  <testcase name="addressesFromFileShouldNotBeEmptyAndHaveProperNames{String, String}" classname="pl.devfoundry.testing.account.AddressTest" time="0"/>
  <testcase name="addressesFromFileShouldNotBeEmptyAndHaveProperNames{String, String}" classname="pl.devfoundry.testing.account.AddressTest" time="0.004"/>
  <testcase name="addressesFromFileShouldNotBeEmptyAndHaveProperNames{String, String}" classname="pl.devfoundry.testing.account.AddressTest" time="0"/>
  <testcase name="addressesFromFileShouldNotBeEmptyAndHaveProperNames{String, String}" classname="pl.devfoundry.testing.account.AddressTest" time="0"/>
  <testcase name="addressesFromFileShouldNotBeEmptyAndHaveProperNames{String, String}" classname="pl.devfoundry.testing.account.AddressTest" time="0"/>
  <testcase name="addressesFromFileShouldNotBeEmptyAndHaveProperNames{String, String}" classname="pl.devfoundry.testing.account.AddressTest" time="0"/>
  <testcase name="addressesFromFileShouldNotBeEmptyAndHaveProperNames{String, String}" classname="pl.devfoundry.testing.account.AddressTest" time="0"/>
  <testcase name="addressesFromFileShouldNotBeEmptyAndHaveProperNames{String, String}" classname="pl.devfoundry.testing.account.AddressTest" time="0.001"/>
  <testcase name="addressesFromFileShouldNotBeEmptyAndHaveProperNames{String, String}" classname="pl.devfoundry.testing.account.AddressTest" time="0.001"/>
  <testcase name="addressesFromFileShouldNotBeEmptyAndHaveProperNames{String, String}" classname="pl.devfoundry.testing.account.AddressTest" time="0.002"/>
  <testcase name="addressesFromFileShouldNotBeEmptyAndHaveProperNames{String, String}" classname="pl.devfoundry.testing.account.AddressTest" time="0"/>
  <testcase name="addressesFromFileShouldNotBeEmptyAndHaveProperNames{String, String}" classname="pl.devfoundry.testing.account.AddressTest" time="0.001"/>
  <testcase name="addressesFromFileShouldNotBeEmptyAndHaveProperNames{String, String}" classname="pl.devfoundry.testing.account.AddressTest" time="0.001"/>
  <testcase name="addressesFromFileShouldNotBeEmptyAndHaveProperNames{String, String}" classname="pl.devfoundry.testing.account.AddressTest" time="0.001"/>
  <testcase name="addressesFromFileShouldNotBeEmptyAndHaveProperNames{String, String}" classname="pl.devfoundry.testing.account.AddressTest" time="0"/>
  <testcase name="addressesFromFileShouldNotBeEmptyAndHaveProperNames{String, String}" classname="pl.devfoundry.testing.account.AddressTest" time="0"/>
  <testcase name="addressesFromFileShouldNotBeEmptyAndHaveProperNames{String, String}" classname="pl.devfoundry.testing.account.AddressTest" time="0.001"/>
  <testcase name="addressesFromFileShouldNotBeEmptyAndHaveProperNames{String, String}" classname="pl.devfoundry.testing.account.AddressTest" time="0.001"/>
  <testcase name="addressesFromFileShouldNotBeEmptyAndHaveProperNames{String, String}" classname="pl.devfoundry.testing.account.AddressTest" time="0.002"/>
  <testcase name="addressesFromFileShouldNotBeEmptyAndHaveProperNames{String, String}" classname="pl.devfoundry.testing.account.AddressTest" time="0.004"/>
  <testcase name="addressesFromFileShouldNotBeEmptyAndHaveProperNames{String, String}" classname="pl.devfoundry.testing.account.AddressTest" time="0"/>
  <testcase name="addressesFromFileShouldNotBeEmptyAndHaveProperNames{String, String}" classname="pl.devfoundry.testing.account.AddressTest" time="0.004"/>
  <testcase name="addressesFromFileShouldNotBeEmptyAndHaveProperNames{String, String}" classname="pl.devfoundry.testing.account.AddressTest" time="0.001"/>
  <testcase name="addressesFromFileShouldNotBeEmptyAndHaveProperNames{String, String}" classname="pl.devfoundry.testing.account.AddressTest" time="0"/>
  <testcase name="addressesFromFileShouldNotBeEmptyAndHaveProperNames{String, String}" classname="pl.devfoundry.testing.account.AddressTest" time="0.001"/>
  <testcase name="addressesFromFileShouldNotBeEmptyAndHaveProperNames{String, String}" classname="pl.devfoundry.testing.account.AddressTest" time="0.001"/>
  <testcase name="addressesFromFileShouldNotBeEmptyAndHaveProperNames{String, String}" classname="pl.devfoundry.testing.account.AddressTest" time="0.003"/>
  <testcase name="addressesFromFileShouldNotBeEmptyAndHaveProperNames{String, String}" classname="pl.devfoundry.testing.account.AddressTest" time="0"/>
  <testcase name="addressesFromFileShouldNotBeEmptyAndHaveProperNames{String, String}" classname="pl.devfoundry.testing.account.AddressTest" time="0.001"/>
  <testcase name="addressesFromFileShouldNotBeEmptyAndHaveProperNames{String, String}" classname="pl.devfoundry.testing.account.AddressTest" time="0.006"/>
  <testcase name="addressesFromFileShouldNotBeEmptyAndHaveProperNames{String, String}" classname="pl.devfoundry.testing.account.AddressTest" time="0.001"/>
  <testcase name="addressesFromFileShouldNotBeEmptyAndHaveProperNames{String, String}" classname="pl.devfoundry.testing.account.AddressTest" time="0.001"/>
  <testcase name="addressesFromFileShouldNotBeEmptyAndHaveProperNames{String, String}" classname="pl.devfoundry.testing.account.AddressTest" time="0.001"/>
  <testcase name="addressesFromFileShouldNotBeEmptyAndHaveProperNames{String, String}" classname="pl.devfoundry.testing.account.AddressTest" time="0"/>
  <testcase name="addressesFromFileShouldNotBeEmptyAndHaveProperNames{String, String}" classname="pl.devfoundry.testing.account.AddressTest" time="0.001"/>
  <testcase name="addressesFromFileShouldNotBeEmptyAndHaveProperNames{String, String}" classname="pl.devfoundry.testing.account.AddressTest" time="0"/>
  <testcase name="addressesFromFileShouldNotBeEmptyAndHaveProperNames{String, String}" classname="pl.devfoundry.testing.account.AddressTest" time="0"/>
  <testcase name="addressesFromFileShouldNotBeEmptyAndHaveProperNames{String, String}" classname="pl.devfoundry.testing.account.AddressTest" time="0.001"/>
  <testcase name="addressesFromFileShouldNotBeEmptyAndHaveProperNames{String, String}" classname="pl.devfoundry.testing.account.AddressTest" time="0.001"/>
  <testcase name="addressesFromFileShouldNotBeEmptyAndHaveProperNames{String, String}" classname="pl.devfoundry.testing.account.AddressTest" time="0"/>
  <testcase name="addressesFromFileShouldNotBeEmptyAndHaveProperNames{String, String}" classname="pl.devfoundry.testing.account.AddressTest" time="0"/>
  <testcase name="addressesFromFileShouldNotBeEmptyAndHaveProperNames{String, String}" classname="pl.devfoundry.testing.account.AddressTest" time="0.001"/>
  <testcase name="addressesFromFileShouldNotBeEmptyAndHaveProperNames{String, String}" classname="pl.devfoundry.testing.account.AddressTest" time="0.001"/>
  <testcase name="addressesFromFileShouldNotBeEmptyAndHaveProperNames{String, String}" classname="pl.devfoundry.testing.account.AddressTest" time="0"/>
  <testcase name="addressesFromFileShouldNotBeEmptyAndHaveProperNames{String, String}" classname="pl.devfoundry.testing.account.AddressTest" time="0.001"/>
  <testcase name="addressesFromFileShouldNotBeEmptyAndHaveProperNames{String, String}" classname="pl.devfoundry.testing.account.AddressTest" time="0.001"/>
  <testcase name="addressesFromFileShouldNotBeEmptyAndHaveProperNames{String, String}" classname="pl.devfoundry.testing.account.AddressTest" time="0.001"/>
  <testcase name="addressesFromFileShouldNotBeEmptyAndHaveProperNames{String, String}" classname="pl.devfoundry.testing.account.AddressTest" time="0.001"/>
  <testcase name="addressesFromFileShouldNotBeEmptyAndHaveProperNames{String, String}" classname="pl.devfoundry.testing.account.AddressTest" time="0.004"/>
  <testcase name="addressesFromFileShouldNotBeEmptyAndHaveProperNames{String, String}" classname="pl.devfoundry.testing.account.AddressTest" time="0.001"/>
  <testcase name="addressesFromFileShouldNotBeEmptyAndHaveProperNames{String, String}" classname="pl.devfoundry.testing.account.AddressTest" time="0"/>
  <testcase name="addressesFromFileShouldNotBeEmptyAndHaveProperNames{String, String}" classname="pl.devfoundry.testing.account.AddressTest" time="0"/>
  <testcase name="addressesFromFileShouldNotBeEmptyAndHaveProperNames{String, String}" classname="pl.devfoundry.testing.account.AddressTest" time="0.001"/>
  <testcase name="addressesFromFileShouldNotBeEmptyAndHaveProperNames{String, String}" classname="pl.devfoundry.testing.account.AddressTest" time="0.001"/>
  <testcase name="addressesFromFileShouldNotBeEmptyAndHaveProperNames{String, String}" classname="pl.devfoundry.testing.account.AddressTest" time="0"/>
  <testcase name="addressesFromFileShouldNotBeEmptyAndHaveProperNames{String, String}" classname="pl.devfoundry.testing.account.AddressTest" time="0"/>
  <testcase name="addressesFromFileShouldNotBeEmptyAndHaveProperNames{String, String}" classname="pl.devfoundry.testing.account.AddressTest" time="0.001"/>
  <testcase name="addressesFromFileShouldNotBeEmptyAndHaveProperNames{String, String}" classname="pl.devfoundry.testing.account.AddressTest" time="0"/>
  <testcase name="addressesFromFileShouldNotBeEmptyAndHaveProperNames{String, String}" classname="pl.devfoundry.testing.account.AddressTest" time="0"/>
  <testcase name="addressesFromFileShouldNotBeEmptyAndHaveProperNames{String, String}" classname="pl.devfoundry.testing.account.AddressTest" time="0"/>
  <testcase name="addressesFromFileShouldNotBeEmptyAndHaveProperNames{String, String}" classname="pl.devfoundry.testing.account.AddressTest" time="0.006"/>
  <testcase name="addressesFromFileShouldNotBeEmptyAndHaveProperNames{String, String}" classname="pl.devfoundry.testing.account.AddressTest" time="0.004"/>
  <testcase name="addressesFromFileShouldNotBeEmptyAndHaveProperNames{String, String}" classname="pl.devfoundry.testing.account.AddressTest" time="0"/>
  <testcase name="addressesFromFileShouldNotBeEmptyAndHaveProperNames{String, String}" classname="pl.devfoundry.testing.account.AddressTest" time="0.001"/>
  <testcase name="addressesFromFileShouldNotBeEmptyAndHaveProperNames{String, String}" classname="pl.devfoundry.testing.account.AddressTest" time="0.001"/>
  <testcase name="addressesFromFileShouldNotBeEmptyAndHaveProperNames{String, String}" classname="pl.devfoundry.testing.account.AddressTest" time="0"/>
  <testcase name="addressesFromFileShouldNotBeEmptyAndHaveProperNames{String, String}" classname="pl.devfoundry.testing.account.AddressTest" time="0"/>
  <testcase name="addressesFromFileShouldNotBeEmptyAndHaveProperNames{String, String}" classname="pl.devfoundry.testing.account.AddressTest" time="0"/>
  <testcase name="addressesFromFileShouldNotBeEmptyAndHaveProperNames{String, String}" classname="pl.devfoundry.testing.account.AddressTest" time="0"/>
  <testcase name="addressesFromFileShouldNotBeEmptyAndHaveProperNames{String, String}" classname="pl.devfoundry.testing.account.AddressTest" time="0.001"/>
  <testcase name="addressesFromFileShouldNotBeEmptyAndHaveProperNames{String, String}" classname="pl.devfoundry.testing.account.AddressTest" time="0.001"/>
  <testcase name="addressesFromFileShouldNotBeEmptyAndHaveProperNames{String, String}" classname="pl.devfoundry.testing.account.AddressTest" time="0"/>
  <testcase name="addressesFromFileShouldNotBeEmptyAndHaveProperNames{String, String}" classname="pl.devfoundry.testing.account.AddressTest" time="0"/>
  <testcase name="addressesFromFileShouldNotBeEmptyAndHaveProperNames{String, String}" classname="pl.devfoundry.testing.account.AddressTest" time="0.001"/>
  <testcase name="addressesFromFileShouldNotBeEmptyAndHaveProperNames{String, String}" classname="pl.devfoundry.testing.account.AddressTest" time="0"/>
  <testcase name="addressesFromFileShouldNotBeEmptyAndHaveProperNames{String, String}" classname="pl.devfoundry.testing.account.AddressTest" time="0"/>
  <testcase name="addressesFromFileShouldNotBeEmptyAndHaveProperNames{String, String}" classname="pl.devfoundry.testing.account.AddressTest" time="0"/>
  <testcase name="addressesFromFileShouldNotBeEmptyAndHaveProperNames{String, String}" classname="pl.devfoundry.testing.account.AddressTest" time="0.001"/>
  <testcase name="addressesFromFileShouldNotBeEmptyAndHaveProperNames{String, String}" classname="pl.devfoundry.testing.account.AddressTest" time="0.001"/>
  <testcase name="addressesFromFileShouldNotBeEmptyAndHaveProperNames{String, String}" classname="pl.devfoundry.testing.account.AddressTest" time="0"/>
  <testcase name="addressesFromFileShouldNotBeEmptyAndHaveProperNames{String, String}" classname="pl.devfoundry.testing.account.AddressTest" time="0"/>
  <testcase name="addressesFromFileShouldNotBeEmptyAndHaveProperNames{String, String}" classname="pl.devfoundry.testing.account.AddressTest" time="0.001"/>
  <testcase name="addressesFromFileShouldNotBeEmptyAndHaveProperNames{String, String}" classname="pl.devfoundry.testing.account.AddressTest" time="0.001"/>
  <testcase name="addressesFromFileShouldNotBeEmptyAndHaveProperNames{String, String}" classname="pl.devfoundry.testing.account.AddressTest" time="0"/>
  <testcase name="addressesFromFileShouldNotBeEmptyAndHaveProperNames{String, String}" classname="pl.devfoundry.testing.account.AddressTest" time="0"/>
  <testcase name="addressesFromFileShouldNotBeEmptyAndHaveProperNames{String, String}" classname="pl.devfoundry.testing.account.AddressTest" time="0"/>
  <testcase name="addressesFromFileShouldNotBeEmptyAndHaveProperNames{String, String}" classname="pl.devfoundry.testing.account.AddressTest" time="0.001"/>
  <testcase name="addressesFromFileShouldNotBeEmptyAndHaveProperNames{String, String}" classname="pl.devfoundry.testing.account.AddressTest" time="0.001"/>
  <testcase name="addressesFromFileShouldNotBeEmptyAndHaveProperNames{String, String}" classname="pl.devfoundry.testing.account.AddressTest" time="0"/>
  <testcase name="addressesFromFileShouldNotBeEmptyAndHaveProperNames{String, String}" classname="pl.devfoundry.testing.account.AddressTest" time="0.001"/>
  <testcase name="addressesFromFileShouldNotBeEmptyAndHaveProperNames{String, String}" classname="pl.devfoundry.testing.account.AddressTest" time="0"/>
  <testcase name="addressesFromFileShouldNotBeEmptyAndHaveProperNames{String, String}" classname="pl.devfoundry.testing.account.AddressTest" time="0.002"/>
  <testcase name="addressesFromFileShouldNotBeEmptyAndHaveProperNames{String, String}" classname="pl.devfoundry.testing.account.AddressTest" time="0.001"/>
  <testcase name="addressesFromFileShouldNotBeEmptyAndHaveProperNames{String, String}" classname="pl.devfoundry.testing.account.AddressTest" time="0.001"/>
  <testcase name="addressesFromFileShouldNotBeEmptyAndHaveProperNames{String, String}" classname="pl.devfoundry.testing.account.AddressTest" time="0.001"/>
  <testcase name="addressesFromFileShouldNotBeEmptyAndHaveProperNames{String, String}" classname="pl.devfoundry.testing.account.AddressTest" time="0.001"/>
  <testcase name="addressesFromFileShouldNotBeEmptyAndHaveProperNames{String, String}" classname="pl.devfoundry.testing.account.AddressTest" time="0.001"/>
  <testcase name="addressesFromFileShouldNotBeEmptyAndHaveProperNames{String, String}" classname="pl.devfoundry.testing.account.AddressTest" time="0.001"/>
  <testcase name="addressesFromFileShouldNotBeEmptyAndHaveProperNames{String, String}" classname="pl.devfoundry.testing.account.AddressTest" time="0"/>
  <testcase name="addressesFromFileShouldNotBeEmptyAndHaveProperNames{String, String}" classname="pl.devfoundry.testing.account.AddressTest" time="0.001"/>
  <testcase name="addressesFromFileShouldNotBeEmptyAndHaveProperNames{String, String}" classname="pl.devfoundry.testing.account.AddressTest" time="0"/>
  <testcase name="addressesFromFileShouldNotBeEmptyAndHaveProperNames{String, String}" classname="pl.devfoundry.testing.account.AddressTest" time="0"/>
  <testcase name="addressesFromFileShouldNotBeEmptyAndHaveProperNames{String, String}" classname="pl.devfoundry.testing.account.AddressTest" time="0.001"/>
  <testcase name="addressesFromFileShouldNotBeEmptyAndHaveProperNames{String, String}" classname="pl.devfoundry.testing.account.AddressTest" time="0.001"/>
  <testcase name="addressesFromFileShouldNotBeEmptyAndHaveProperNames{String, String}" classname="pl.devfoundry.testing.account.AddressTest" time="0"/>
  <testcase name="addressesFromFileShouldNotBeEmptyAndHaveProperNames{String, String}" classname="pl.devfoundry.testing.account.AddressTest" time="0.001"/>
  <testcase name="addressesFromFileShouldNotBeEmptyAndHaveProperNames{String, String}" classname="pl.devfoundry.testing.account.AddressTest" time="0.001"/>
  <testcase name="addressesFromFileShouldNotBeEmptyAndHaveProperNames{String, String}" classname="pl.devfoundry.testing.account.AddressTest" time="0.001"/>
  <testcase name="addressesFromFileShouldNotBeEmptyAndHaveProperNames{String, String}" classname="pl.devfoundry.testing.account.AddressTest" time="0.001"/>
  <testcase name="addressesFromFileShouldNotBeEmptyAndHaveProperNames{String, String}" classname="pl.devfoundry.testing.account.AddressTest" time="0"/>
  <testcase name="addressesFromFileShouldNotBeEmptyAndHaveProperNames{String, String}" classname="pl.devfoundry.testing.account.AddressTest" time="0"/>
  <testcase name="addressesFromFileShouldNotBeEmptyAndHaveProperNames{String, String}" classname="pl.devfoundry.testing.account.AddressTest" time="0"/>
  <testcase name="addressesFromFileShouldNotBeEmptyAndHaveProperNames{String, String}" classname="pl.devfoundry.testing.account.AddressTest" time="0.003"/>
  <testcase name="addressesFromFileShouldNotBeEmptyAndHaveProperNames{String, String}" classname="pl.devfoundry.testing.account.AddressTest" time="0"/>
  <testcase name="addressesFromFileShouldNotBeEmptyAndHaveProperNames{String, String}" classname="pl.devfoundry.testing.account.AddressTest" time="0"/>
  <testcase name="addressesFromFileShouldNotBeEmptyAndHaveProperNames{String, String}" classname="pl.devfoundry.testing.account.AddressTest" time="0"/>
  <testcase name="addressesFromFileShouldNotBeEmptyAndHaveProperNames{String, String}" classname="pl.devfoundry.testing.account.AddressTest" time="0"/>
  <testcase name="addressesFromFileShouldNotBeEmptyAndHaveProperNames{String, String}" classname="pl.devfoundry.testing.account.AddressTest" time="0"/>
  <testcase name="addressesFromFileShouldNotBeEmptyAndHaveProperNames{String, String}" classname="pl.devfoundry.testing.account.AddressTest" time="0"/>
  <testcase name="addressesFromFileShouldNotBeEmptyAndHaveProperNames{String, String}" classname="pl.devfoundry.testing.account.AddressTest" time="0"/>
  <testcase name="addressesFromFileShouldNotBeEmptyAndHaveProperNames{String, String}" classname="pl.devfoundry.testing.account.AddressTest" time="0.002"/>
  <testcase name="addressesFromFileShouldNotBeEmptyAndHaveProperNames{String, String}" classname="pl.devfoundry.testing.account.AddressTest" time="0"/>
  <testcase name="addressesFromFileShouldNotBeEmptyAndHaveProperNames{String, String}" classname="pl.devfoundry.testing.account.AddressTest" time="0"/>
  <testcase name="addressesFromFileShouldNotBeEmptyAndHaveProperNames{String, String}" classname="pl.devfoundry.testing.account.AddressTest" time="0"/>
  <testcase name="addressesFromFileShouldNotBeEmptyAndHaveProperNames{String, String}" classname="pl.devfoundry.testing.account.AddressTest" time="0"/>
  <testcase name="addressesFromFileShouldNotBeEmptyAndHaveProperNames{String, String}" classname="pl.devfoundry.testing.account.AddressTest" time="0.023"/>
  <testcase name="addressesFromFileShouldNotBeEmptyAndHaveProperNames{String, String}" classname="pl.devfoundry.testing.account.AddressTest" time="0"/>
  <testcase name="addressesFromFileShouldNotBeEmptyAndHaveProperNames{String, String}" classname="pl.devfoundry.testing.account.AddressTest" time="0"/>
  <testcase name="addressesFromFileShouldNotBeEmptyAndHaveProperNames{String, String}" classname="pl.devfoundry.testing.account.AddressTest" time="0"/>
  <testcase name="addressesFromFileShouldNotBeEmptyAndHaveProperNames{String, String}" classname="pl.devfoundry.testing.account.AddressTest" time="0"/>
  <testcase name="addressesFromFileShouldNotBeEmptyAndHaveProperNames{String, String}" classname="pl.devfoundry.testing.account.AddressTest" time="0.002"/>
  <testcase name="addressesFromFileShouldNotBeEmptyAndHaveProperNames{String, String}" classname="pl.devfoundry.testing.account.AddressTest" time="0.005"/>
  <testcase name="addressesFromFileShouldNotBeEmptyAndHaveProperNames{String, String}" classname="pl.devfoundry.testing.account.AddressTest" time="0.001"/>
  <testcase name="addressesFromFileShouldNotBeEmptyAndHaveProperNames{String, String}" classname="pl.devfoundry.testing.account.AddressTest" time="0"/>
  <testcase name="addressesFromFileShouldNotBeEmptyAndHaveProperNames{String, String}" classname="pl.devfoundry.testing.account.AddressTest" time="0"/>
  <testcase name="addressesFromFileShouldNotBeEmptyAndHaveProperNames{String, String}" classname="pl.devfoundry.testing.account.AddressTest" time="0.001"/>
  <testcase name="addressesFromFileShouldNotBeEmptyAndHaveProperNames{String, String}" classname="pl.devfoundry.testing.account.AddressTest" time="0.001"/>
  <testcase name="addressesFromFileShouldNotBeEmptyAndHaveProperNames{String, String}" classname="pl.devfoundry.testing.account.AddressTest" time="0"/>
  <testcase name="addressesFromFileShouldNotBeEmptyAndHaveProperNames{String, String}" classname="pl.devfoundry.testing.account.AddressTest" time="0"/>
  <testcase name="addressesFromFileShouldNotBeEmptyAndHaveProperNames{String, String}" classname="pl.devfoundry.testing.account.AddressTest" time="0.003"/>
  <testcase name="addressesFromFileShouldNotBeEmptyAndHaveProperNames{String, String}" classname="pl.devfoundry.testing.account.AddressTest" time="0"/>
  <testcase name="addressesFromFileShouldNotBeEmptyAndHaveProperNames{String, String}" classname="pl.devfoundry.testing.account.AddressTest" time="0"/>
  <testcase name="addressesFromFileShouldNotBeEmptyAndHaveProperNames{String, String}" classname="pl.devfoundry.testing.account.AddressTest" time="0.001"/>
  <testcase name="addressesFromFileShouldNotBeEmptyAndHaveProperNames{String, String}" classname="pl.devfoundry.testing.account.AddressTest" time="0.001"/>
  <testcase name="addressesFromFileShouldNotBeEmptyAndHaveProperNames{String, String}" classname="pl.devfoundry.testing.account.AddressTest" time="0"/>
  <testcase name="addressesFromFileShouldNotBeEmptyAndHaveProperNames{String, String}" classname="pl.devfoundry.testing.account.AddressTest" time="0.001"/>
  <testcase name="addressesFromFileShouldNotBeEmptyAndHaveProperNames{String, String}" classname="pl.devfoundry.testing.account.AddressTest" time="0.001"/>
  <testcase name="addressesFromFileShouldNotBeEmptyAndHaveProperNames{String, String}" classname="pl.devfoundry.testing.account.AddressTest" time="0"/>
  <testcase name="addressesFromFileShouldNotBeEmptyAndHaveProperNames{String, String}" classname="pl.devfoundry.testing.account.AddressTest" time="0.001"/>
  <testcase name="addressesFromFileShouldNotBeEmptyAndHaveProperNames{String, String}" classname="pl.devfoundry.testing.account.AddressTest" time="0"/>
  <testcase name="addressesFromFileShouldNotBeEmptyAndHaveProperNames{String, String}" classname="pl.devfoundry.testing.account.AddressTest" time="0.001"/>
  <testcase name="addressesFromFileShouldNotBeEmptyAndHaveProperNames{String, String}" classname="pl.devfoundry.testing.account.AddressTest" time="0.001"/>
  <testcase name="addressesFromFileShouldNotBeEmptyAndHaveProperNames{String, String}" classname="pl.devfoundry.testing.account.AddressTest" time="0"/>
  <testcase name="addressesFromFileShouldNotBeEmptyAndHaveProperNames{String, String}" classname="pl.devfoundry.testing.account.AddressTest" time="0.001"/>
  <testcase name="addressesFromFileShouldNotBeEmptyAndHaveProperNames{String, String}" classname="pl.devfoundry.testing.account.AddressTest" time="0.002"/>
  <testcase name="addressesFromFileShouldNotBeEmptyAndHaveProperNames{String, String}" classname="pl.devfoundry.testing.account.AddressTest" time="0.001"/>
  <testcase name="addressesFromFileShouldNotBeEmptyAndHaveProperNames{String, String}" classname="pl.devfoundry.testing.account.AddressTest" time="0"/>
  <testcase name="addressesFromFileShouldNotBeEmptyAndHaveProperNames{String, String}" classname="pl.devfoundry.testing.account.AddressTest" time="0.001"/>
  <testcase name="addressesFromFileShouldNotBeEmptyAndHaveProperNames{String, String}" classname="pl.devfoundry.testing.account.AddressTest" time="0.002"/>
  <testcase name="addressesFromFileShouldNotBeEmptyAndHaveProperNames{String, String}" classname="pl.devfoundry.testing.account.AddressTest" time="0"/>
  <testcase name="addressesFromFileShouldNotBeEmptyAndHaveProperNames{String, String}" classname="pl.devfoundry.testing.account.AddressTest" time="0"/>
  <testcase name="addressesFromFileShouldNotBeEmptyAndHaveProperNames{String, String}" classname="pl.devfoundry.testing.account.AddressTest" time="0.013"/>
  <testcase name="addressesFromFileShouldNotBeEmptyAndHaveProperNames{String, String}" classname="pl.devfoundry.testing.account.AddressTest" time="0"/>
  <testcase name="addressesFromFileShouldNotBeEmptyAndHaveProperNames{String, String}" classname="pl.devfoundry.testing.account.AddressTest" time="0"/>
  <testcase name="addressesFromFileShouldNotBeEmptyAndHaveProperNames{String, String}" classname="pl.devfoundry.testing.account.AddressTest" time="0"/>
  <testcase name="addressesFromFileShouldNotBeEmptyAndHaveProperNames{String, String}" classname="pl.devfoundry.testing.account.AddressTest" time="0"/>
  <testcase name="addressesFromFileShouldNotBeEmptyAndHaveProperNames{String, String}" classname="pl.devfoundry.testing.account.AddressTest" time="0"/>
  <testcase name="addressesFromFileShouldNotBeEmptyAndHaveProperNames{String, String}" classname="pl.devfoundry.testing.account.AddressTest" time="0"/>
  <testcase name="addressesFromFileShouldNotBeEmptyAndHaveProperNames{String, String}" classname="pl.devfoundry.testing.account.AddressTest" time="0"/>
  <testcase name="addressesFromFileShouldNotBeEmptyAndHaveProperNames{String, String}" classname="pl.devfoundry.testing.account.AddressTest" time="0"/>
  <testcase name="addressesFromFileShouldNotBeEmptyAndHaveProperNames{String, String}" classname="pl.devfoundry.testing.account.AddressTest" time="0"/>
  <testcase name="addressesFromFileShouldNotBeEmptyAndHaveProperNames{String, String}" classname="pl.devfoundry.testing.account.AddressTest" time="0.006"/>
  <testcase name="addressesFromFileShouldNotBeEmptyAndHaveProperNames{String, String}" classname="pl.devfoundry.testing.account.AddressTest" time="0"/>
  <testcase name="addressesFromFileShouldNotBeEmptyAndHaveProperNames{String, String}" classname="pl.devfoundry.testing.account.AddressTest" time="0"/>
  <testcase name="addressesFromFileShouldNotBeEmptyAndHaveProperNames{String, String}" classname="pl.devfoundry.testing.account.AddressTest" time="0"/>
  <testcase name="addressesFromFileShouldNotBeEmptyAndHaveProperNames{String, String}" classname="pl.devfoundry.testing.account.AddressTest" time="0"/>
  <testcase name="addressesFromFileShouldNotBeEmptyAndHaveProperNames{String, String}" classname="pl.devfoundry.testing.account.AddressTest" time="0"/>
  <testcase name="addressesFromFileShouldNotBeEmptyAndHaveProperNames{String, String}" classname="pl.devfoundry.testing.account.AddressTest" time="0"/>
  <testcase name="addressesFromFileShouldNotBeEmptyAndHaveProperNames{String, String}" classname="pl.devfoundry.testing.account.AddressTest" time="0"/>
  <testcase name="addressesFromFileShouldNotBeEmptyAndHaveProperNames{String, String}" classname="pl.devfoundry.testing.account.AddressTest" time="0"/>
  <testcase name="addressesFromFileShouldNotBeEmptyAndHaveProperNames{String, String}" classname="pl.devfoundry.testing.account.AddressTest" time="0"/>
  <testcase name="addressesFromFileShouldNotBeEmptyAndHaveProperNames{String, String}" classname="pl.devfoundry.testing.account.AddressTest" time="0"/>
  <testcase name="addressesFromFileShouldNotBeEmptyAndHaveProperNames{String, String}" classname="pl.devfoundry.testing.account.AddressTest" time="0"/>
  <testcase name="addressesFromFileShouldNotBeEmptyAndHaveProperNames{String, String}" classname="pl.devfoundry.testing.account.AddressTest" time="0.001"/>
  <testcase name="addressesFromFileShouldNotBeEmptyAndHaveProperNames{String, String}" classname="pl.devfoundry.testing.account.AddressTest" time="0"/>
  <testcase name="addressesFromFileShouldNotBeEmptyAndHaveProperNames{String, String}" classname="pl.devfoundry.testing.account.AddressTest" time="0"/>
  <testcase name="addressesFromFileShouldNotBeEmptyAndHaveProperNames{String, String}" classname="pl.devfoundry.testing.account.AddressTest" time="0"/>
  <testcase name="addressesFromFileShouldNotBeEmptyAndHaveProperNames{String, String}" classname="pl.devfoundry.testing.account.AddressTest" time="0"/>
  <testcase name="addressesFromFileShouldNotBeEmptyAndHaveProperNames{String, String}" classname="pl.devfoundry.testing.account.AddressTest" time="0.001"/>
  <testcase name="addressesFromFileShouldNotBeEmptyAndHaveProperNames{String, String}" classname="pl.devfoundry.testing.account.AddressTest" time="0.001"/>
  <testcase name="addressesFromFileShouldNotBeEmptyAndHaveProperNames{String, String}" classname="pl.devfoundry.testing.account.AddressTest" time="0"/>
  <testcase name="addressesFromFileShouldNotBeEmptyAndHaveProperNames{String, String}" classname="pl.devfoundry.testing.account.AddressTest" time="0"/>
  <testcase name="addressesFromFileShouldNotBeEmptyAndHaveProperNames{String, String}" classname="pl.devfoundry.testing.account.AddressTest" time="0.001"/>
  <testcase name="addressesFromFileShouldNotBeEmptyAndHaveProperNames{String, String}" classname="pl.devfoundry.testing.account.AddressTest" time="0"/>
  <testcase name="addressesFromFileShouldNotBeEmptyAndHaveProperNames{String, String}" classname="pl.devfoundry.testing.account.AddressTest" time="0"/>
  <testcase name="addressesFromFileShouldNotBeEmptyAndHaveProperNames{String, String}" classname="pl.devfoundry.testing.account.AddressTest" time="0"/>
  <testcase name="addressesFromFileShouldNotBeEmptyAndHaveProperNames{String, String}" classname="pl.devfoundry.testing.account.AddressTest" time="0"/>
  <testcase name="addressesFromFileShouldNotBeEmptyAndHaveProperNames{String, String}" classname="pl.devfoundry.testing.account.AddressTest" time="0"/>
  <testcase name="addressesFromFileShouldNotBeEmptyAndHaveProperNames{String, String}" classname="pl.devfoundry.testing.account.AddressTest" time="0"/>
  <testcase name="addressesFromFileShouldNotBeEmptyAndHaveProperNames{String, String}" classname="pl.devfoundry.testing.account.AddressTest" time="0"/>
  <testcase name="addressesFromFileShouldNotBeEmptyAndHaveProperNames{String, String}" classname="pl.devfoundry.testing.account.AddressTest" time="0"/>
  <testcase name="addressesFromFileShouldNotBeEmptyAndHaveProperNames{String, String}" classname="pl.devfoundry.testing.account.AddressTest" time="0"/>
  <testcase name="addressesFromFileShouldNotBeEmptyAndHaveProperNames{String, String}" classname="pl.devfoundry.testing.account.AddressTest" time="0"/>
  <testcase name="addressesFromFileShouldNotBeEmptyAndHaveProperNames{String, String}" classname="pl.devfoundry.testing.account.AddressTest" time="0.001"/>
  <testcase name="addressesFromFileShouldNotBeEmptyAndHaveProperNames{String, String}" classname="pl.devfoundry.testing.account.AddressTest" time="0"/>
  <testcase name="addressesFromFileShouldNotBeEmptyAndHaveProperNames{String, String}" classname="pl.devfoundry.testing.account.AddressTest" time="0.001"/>
  <testcase name="addressesFromFileShouldNotBeEmptyAndHaveProperNames{String, String}" classname="pl.devfoundry.testing.account.AddressTest" time="0"/>
  <testcase name="addressesFromFileShouldNotBeEmptyAndHaveProperNames{String, String}" classname="pl.devfoundry.testing.account.AddressTest" time="0"/>
  <testcase name="addressesFromFileShouldNotBeEmptyAndHaveProperNames{String, String}" classname="pl.devfoundry.testing.account.AddressTest" time="0"/>
  <testcase name="addressesFromFileShouldNotBeEmptyAndHaveProperNames{String, String}" classname="pl.devfoundry.testing.account.AddressTest" time="0"/>
  <testcase name="addressesFromFileShouldNotBeEmptyAndHaveProperNames{String, String}" classname="pl.devfoundry.testing.account.AddressTest" time="0.001"/>
  <testcase name="addressesFromFileShouldNotBeEmptyAndHaveProperNames{String, String}" classname="pl.devfoundry.testing.account.AddressTest" time="0"/>
  <testcase name="addressesFromFileShouldNotBeEmptyAndHaveProperNames{String, String}" classname="pl.devfoundry.testing.account.AddressTest" time="0"/>
  <testcase name="addressesFromFileShouldNotBeEmptyAndHaveProperNames{String, String}" classname="pl.devfoundry.testing.account.AddressTest" time="0.02"/>
  <testcase name="addressesFromFileShouldNotBeEmptyAndHaveProperNames{String, String}" classname="pl.devfoundry.testing.account.AddressTest" time="0"/>
  <testcase name="addressesFromFileShouldNotBeEmptyAndHaveProperNames{String, String}" classname="pl.devfoundry.testing.account.AddressTest" time="0"/>
  <testcase name="addressesFromFileShouldNotBeEmptyAndHaveProperNames{String, String}" classname="pl.devfoundry.testing.account.AddressTest" time="0"/>
  <testcase name="addressesFromFileShouldNotBeEmptyAndHaveProperNames{String, String}" classname="pl.devfoundry.testing.account.AddressTest" time="0.001"/>
  <testcase name="addressesFromFileShouldNotBeEmptyAndHaveProperNames{String, String}" classname="pl.devfoundry.testing.account.AddressTest" time="0.001"/>
  <testcase name="addressesFromFileShouldNotBeEmptyAndHaveProperNames{String, String}" classname="pl.devfoundry.testing.account.AddressTest" time="0"/>
  <testcase name="addressesFromFileShouldNotBeEmptyAndHaveProperNames{String, String}" classname="pl.devfoundry.testing.account.AddressTest" time="0"/>
  <testcase name="addressesFromFileShouldNotBeEmptyAndHaveProperNames{String, String}" classname="pl.devfoundry.testing.account.AddressTest" time="0"/>
  <testcase name="addressesFromFileShouldNotBeEmptyAndHaveProperNames{String, String}" classname="pl.devfoundry.testing.account.AddressTest" time="0"/>
  <testcase name="addressesFromFileShouldNotBeEmptyAndHaveProperNames{String, String}" classname="pl.devfoundry.testing.account.AddressTest" time="0"/>
  <testcase name="addressesFromFileShouldNotBeEmptyAndHaveProperNames{String, String}" classname="pl.devfoundry.testing.account.AddressTest" time="0"/>
  <testcase name="addressesFromFileShouldNotBeEmptyAndHaveProperNames{String, String}" classname="pl.devfoundry.testing.account.AddressTest" time="0"/>
  <testcase name="addressesFromFileShouldNotBeEmptyAndHaveProperNames{String, String}" classname="pl.devfoundry.testing.account.AddressTest" time="0.001"/>
  <testcase name="addressesFromFileShouldNotBeEmptyAndHaveProperNames{String, String}" classname="pl.devfoundry.testing.account.AddressTest" time="0.001"/>
  <testcase name="addressesFromFileShouldNotBeEmptyAndHaveProperNames{String, String}" classname="pl.devfoundry.testing.account.AddressTest" time="0"/>
  <testcase name="addressesFromFileShouldNotBeEmptyAndHaveProperNames{String, String}" classname="pl.devfoundry.testing.account.AddressTest" time="0"/>
  <testcase name="addressesFromFileShouldNotBeEmptyAndHaveProperNames{String, String}" classname="pl.devfoundry.testing.account.AddressTest" time="0"/>
  <testcase name="addressesFromFileShouldNotBeEmptyAndHaveProperNames{String, String}" classname="pl.devfoundry.testing.account.AddressTest" time="0.001"/>
  <testcase name="addressesFromFileShouldNotBeEmptyAndHaveProperNames{String, String}" classname="pl.devfoundry.testing.account.AddressTest" time="0.001"/>
  <testcase name="addressesFromFileShouldNotBeEmptyAndHaveProperNames{String, String}" classname="pl.devfoundry.testing.account.AddressTest" time="0.001"/>
  <testcase name="addressesFromFileShouldNotBeEmptyAndHaveProperNames{String, String}" classname="pl.devfoundry.testing.account.AddressTest" time="0.001"/>
  <testcase name="addressesFromFileShouldNotBeEmptyAndHaveProperNames{String, String}" classname="pl.devfoundry.testing.account.AddressTest" time="0.001"/>
  <testcase name="addressesFromFileShouldNotBeEmptyAndHaveProperNames{String, String}" classname="pl.devfoundry.testing.account.AddressTest" time="0.001"/>
  <testcase name="addressesFromFileShouldNotBeEmptyAndHaveProperNames{String, String}" classname="pl.devfoundry.testing.account.AddressTest" time="0.001"/>
  <testcase name="addressesFromFileShouldNotBeEmptyAndHaveProperNames{String, String}" classname="pl.devfoundry.testing.account.AddressTest" time="0.001"/>
  <testcase name="addressesFromFileShouldNotBeEmptyAndHaveProperNames{String, String}" classname="pl.devfoundry.testing.account.AddressTest" time="0"/>
  <testcase name="addressesFromFileShouldNotBeEmptyAndHaveProperNames{String, String}" classname="pl.devfoundry.testing.account.AddressTest" time="0"/>
  <testcase name="addressesFromFileShouldNotBeEmptyAndHaveProperNames{String, String}" classname="pl.devfoundry.testing.account.AddressTest" time="0.001"/>
  <testcase name="addressesFromFileShouldNotBeEmptyAndHaveProperNames{String, String}" classname="pl.devfoundry.testing.account.AddressTest" time="0"/>
  <testcase name="addressesFromFileShouldNotBeEmptyAndHaveProperNames{String, String}" classname="pl.devfoundry.testing.account.AddressTest" time="0"/>
  <testcase name="addressesFromFileShouldNotBeEmptyAndHaveProperNames{String, String}" classname="pl.devfoundry.testing.account.AddressTest" time="0"/>
  <testcase name="addressesFromFileShouldNotBeEmptyAndHaveProperNames{String, String}" classname="pl.devfoundry.testing.account.AddressTest" time="0"/>
  <testcase name="addressesFromFileShouldNotBeEmptyAndHaveProperNames{String, String}" classname="pl.devfoundry.testing.account.AddressTest" time="0.001"/>
  <testcase name="addressesFromFileShouldNotBeEmptyAndHaveProperNames{String, String}" classname="pl.devfoundry.testing.account.AddressTest" time="0.001"/>
  <testcase name="addressesFromFileShouldNotBeEmptyAndHaveProperNames{String, String}" classname="pl.devfoundry.testing.account.AddressTest" time="0.001"/>
  <testcase name="addressesFromFileShouldNotBeEmptyAndHaveProperNames{String, String}" classname="pl.devfoundry.testing.account.AddressTest" time="0"/>
  <testcase name="addressesFromFileShouldNotBeEmptyAndHaveProperNames{String, String}" classname="pl.devfoundry.testing.account.AddressTest" time="0"/>
  <testcase name="addressesFromFileShouldNotBeEmptyAndHaveProperNames{String, String}" classname="pl.devfoundry.testing.account.AddressTest" time="0"/>
  <testcase name="addressesFromFileShouldNotBeEmptyAndHaveProperNames{String, String}" classname="pl.devfoundry.testing.account.AddressTest" time="0"/>
  <testcase name="addressesFromFileShouldNotBeEmptyAndHaveProperNames{String, String}" classname="pl.devfoundry.testing.account.AddressTest" time="0.001"/>
  <testcase name="addressesFromFileShouldNotBeEmptyAndHaveProperNames{String, String}" classname="pl.devfoundry.testing.account.AddressTest" time="0"/>
  <testcase name="addressesFromFileShouldNotBeEmptyAndHaveProperNames{String, String}" classname="pl.devfoundry.testing.account.AddressTest" time="0"/>
  <testcase name="addressesFromFileShouldNotBeEmptyAndHaveProperNames{String, String}" classname="pl.devfoundry.testing.account.AddressTest" time="0.001"/>
  <testcase name="addressesFromFileShouldNotBeEmptyAndHaveProperNames{String, String}" classname="pl.devfoundry.testing.account.AddressTest" time="0.015"/>
  <testcase name="addressesFromFileShouldNotBeEmptyAndHaveProperNames{String, String}" classname="pl.devfoundry.testing.account.AddressTest" time="0"/>
  <testcase name="addressesFromFileShouldNotBeEmptyAndHaveProperNames{String, String}" classname="pl.devfoundry.testing.account.AddressTest" time="0"/>
  <testcase name="addressesFromFileShouldNotBeEmptyAndHaveProperNames{String, String}" classname="pl.devfoundry.testing.account.AddressTest" time="0"/>
  <testcase name="addressesFromFileShouldNotBeEmptyAndHaveProperNames{String, String}" classname="pl.devfoundry.testing.account.AddressTest" time="0.001"/>
  <testcase name="addressesFromFileShouldNotBeEmptyAndHaveProperNames{String, String}" classname="pl.devfoundry.testing.account.AddressTest" time="0"/>
  <testcase name="addressesFromFileShouldNotBeEmptyAndHaveProperNames{String, String}" classname="pl.devfoundry.testing.account.AddressTest" time="0"/>
  <testcase name="addressesFromFileShouldNotBeEmptyAndHaveProperNames{String, String}" classname="pl.devfoundry.testing.account.AddressTest" time="0.001"/>
  <testcase name="addressesFromFileShouldNotBeEmptyAndHaveProperNames{String, String}" classname="pl.devfoundry.testing.account.AddressTest" time="0"/>
  <testcase name="addressesFromFileShouldNotBeEmptyAndHaveProperNames{String, String}" classname="pl.devfoundry.testing.account.AddressTest" time="0"/>
  <testcase name="addressesFromFileShouldNotBeEmptyAndHaveProperNames{String, String}" classname="pl.devfoundry.testing.account.AddressTest" time="0.001"/>
  <testcase name="addressesFromFileShouldNotBeEmptyAndHaveProperNames{String, String}" classname="pl.devfoundry.testing.account.AddressTest" time="0"/>
  <testcase name="addressesFromFileShouldNotBeEmptyAndHaveProperNames{String, String}" classname="pl.devfoundry.testing.account.AddressTest" time="0"/>
  <testcase name="addressesFromFileShouldNotBeEmptyAndHaveProperNames{String, String}" classname="pl.devfoundry.testing.account.AddressTest" time="0"/>
  <testcase name="addressesFromFileShouldNotBeEmptyAndHaveProperNames{String, String}" classname="pl.devfoundry.testing.account.AddressTest" time="0.001"/>
  <testcase name="addressesFromFileShouldNotBeEmptyAndHaveProperNames{String, String}" classname="pl.devfoundry.testing.account.AddressTest" time="0"/>
  <testcase name="addressesFromFileShouldNotBeEmptyAndHaveProperNames{String, String}" classname="pl.devfoundry.testing.account.AddressTest" time="0.001"/>
  <testcase name="addressesFromFileShouldNotBeEmptyAndHaveProperNames{String, String}" classname="pl.devfoundry.testing.account.AddressTest" time="0"/>
  <testcase name="addressesFromFileShouldNotBeEmptyAndHaveProperNames{String, String}" classname="pl.devfoundry.testing.account.AddressTest" time="0.001"/>
  <testcase name="addressesFromFileShouldNotBeEmptyAndHaveProperNames{String, String}" classname="pl.devfoundry.testing.account.AddressTest" time="0.001"/>
  <testcase name="addressesFromFileShouldNotBeEmptyAndHaveProperNames{String, String}" classname="pl.devfoundry.testing.account.AddressTest" time="0.001"/>
  <testcase name="addressesFromFileShouldNotBeEmptyAndHaveProperNames{String, String}" classname="pl.devfoundry.testing.account.AddressTest" time="0"/>
  <testcase name="addressesFromFileShouldNotBeEmptyAndHaveProperNames{String, String}" classname="pl.devfoundry.testing.account.AddressTest" time="0"/>
  <testcase name="addressesFromFileShouldNotBeEmptyAndHaveProperNames{String, String}" classname="pl.devfoundry.testing.account.AddressTest" time="0"/>
  <testcase name="addressesFromFileShouldNotBeEmptyAndHaveProperNames{String, String}" classname="pl.devfoundry.testing.account.AddressTest" time="0.001"/>
  <testcase name="addressesFromFileShouldNotBeEmptyAndHaveProperNames{String, String}" classname="pl.devfoundry.testing.account.AddressTest" time="0"/>
  <testcase name="addressesFromFileShouldNotBeEmptyAndHaveProperNames{String, String}" classname="pl.devfoundry.testing.account.AddressTest" time="0"/>
  <testcase name="addressesFromFileShouldNotBeEmptyAndHaveProperNames{String, String}" classname="pl.devfoundry.testing.account.AddressTest" time="0"/>
  <testcase name="addressesFromFileShouldNotBeEmptyAndHaveProperNames{String, String}" classname="pl.devfoundry.testing.account.AddressTest" time="0"/>
  <testcase name="addressesFromFileShouldNotBeEmptyAndHaveProperNames{String, String}" classname="pl.devfoundry.testing.account.AddressTest" time="0.002"/>
  <testcase name="addressesFromFileShouldNotBeEmptyAndHaveProperNames{String, String}" classname="pl.devfoundry.testing.account.AddressTest" time="0"/>
  <testcase name="addressesFromFileShouldNotBeEmptyAndHaveProperNames{String, String}" classname="pl.devfoundry.testing.account.AddressTest" time="0"/>
  <testcase name="addressesFromFileShouldNotBeEmptyAndHaveProperNames{String, String}" classname="pl.devfoundry.testing.account.AddressTest" time="0"/>
  <testcase name="addressesFromFileShouldNotBeEmptyAndHaveProperNames{String, String}" classname="pl.devfoundry.testing.account.AddressTest" time="0"/>
  <testcase name="addressesFromFileShouldNotBeEmptyAndHaveProperNames{String, String}" classname="pl.devfoundry.testing.account.AddressTest" time="0.001"/>
  <testcase name="addressesFromFileShouldNotBeEmptyAndHaveProperNames{String, String}" classname="pl.devfoundry.testing.account.AddressTest" time="0"/>
  <testcase name="addressesFromFileShouldNotBeEmptyAndHaveProperNames{String, String}" classname="pl.devfoundry.testing.account.AddressTest" time="0"/>
  <testcase name="addressesFromFileShouldNotBeEmptyAndHaveProperNames{String, String}" classname="pl.devfoundry.testing.account.AddressTest" time="0"/>
  <testcase name="addressesFromFileShouldNotBeEmptyAndHaveProperNames{String, String}" classname="pl.devfoundry.testing.account.AddressTest" time="0"/>
  <testcase name="addressesFromFileShouldNotBeEmptyAndHaveProperNames{String, String}" classname="pl.devfoundry.testing.account.AddressTest" time="0"/>
  <testcase name="addressesFromFileShouldNotBeEmptyAndHaveProperNames{String, String}" classname="pl.devfoundry.testing.account.AddressTest" time="0"/>
  <testcase name="addressesFromFileShouldNotBeEmptyAndHaveProperNames{String, String}" classname="pl.devfoundry.testing.account.AddressTest" time="0"/>
  <testcase name="addressesFromFileShouldNotBeEmptyAndHaveProperNames{String, String}" classname="pl.devfoundry.testing.account.AddressTest" time="0.001"/>
  <testcase name="addressesFromFileShouldNotBeEmptyAndHaveProperNames{String, String}" classname="pl.devfoundry.testing.account.AddressTest" time="0"/>
  <testcase name="addressesFromFileShouldNotBeEmptyAndHaveProperNames{String, String}" classname="pl.devfoundry.testing.account.AddressTest" time="0"/>
  <testcase name="addressesFromFileShouldNotBeEmptyAndHaveProperNames{String, String}" classname="pl.devfoundry.testing.account.AddressTest" time="0"/>
  <testcase name="addressesFromFileShouldNotBeEmptyAndHaveProperNames{String, String}" classname="pl.devfoundry.testing.account.AddressTest" time="0.001"/>
  <testcase name="addressesFromFileShouldNotBeEmptyAndHaveProperNames{String, String}" classname="pl.devfoundry.testing.account.AddressTest" time="0"/>
  <testcase name="addressesFromFileShouldNotBeEmptyAndHaveProperNames{String, String}" classname="pl.devfoundry.testing.account.AddressTest" time="0"/>
  <testcase name="addressesFromFileShouldNotBeEmptyAndHaveProperNames{String, String}" classname="pl.devfoundry.testing.account.AddressTest" time="0"/>
  <testcase name="addressesFromFileShouldNotBeEmptyAndHaveProperNames{String, String}" classname="pl.devfoundry.testing.account.AddressTest" time="0"/>
  <testcase name="addressesFromFileShouldNotBeEmptyAndHaveProperNames{String, String}" classname="pl.devfoundry.testing.account.AddressTest" time="0.001"/>
  <testcase name="addressesFromFileShouldNotBeEmptyAndHaveProperNames{String, String}" classname="pl.devfoundry.testing.account.AddressTest" time="0.001"/>
  <testcase name="addressesFromFileShouldNotBeEmptyAndHaveProperNames{String, String}" classname="pl.devfoundry.testing.account.AddressTest" time="0"/>
  <testcase name="addressesFromFileShouldNotBeEmptyAndHaveProperNames{String, String}" classname="pl.devfoundry.testing.account.AddressTest" time="0"/>
  <testcase name="addressesFromFileShouldNotBeEmptyAndHaveProperNames{String, String}" classname="pl.devfoundry.testing.account.AddressTest" time="0"/>
  <testcase name="addressesFromFileShouldNotBeEmptyAndHaveProperNames{String, String}" classname="pl.devfoundry.testing.account.AddressTest" time="0"/>
  <testcase name="addressesFromFileShouldNotBeEmptyAndHaveProperNames{String, String}" classname="pl.devfoundry.testing.account.AddressTest" time="0"/>
  <testcase name="addressesFromFileShouldNotBeEmptyAndHaveProperNames{String, String}" classname="pl.devfoundry.testing.account.AddressTest" time="0"/>
  <testcase name="addressesFromFileShouldNotBeEmptyAndHaveProperNames{String, String}" classname="pl.devfoundry.testing.account.AddressTest" time="0"/>
  <testcase name="addressesFromFileShouldNotBeEmptyAndHaveProperNames{String, String}" classname="pl.devfoundry.testing.account.AddressTest" time="0.012"/>
  <testcase name="addressesFromFileShouldNotBeEmptyAndHaveProperNames{String, String}" classname="pl.devfoundry.testing.account.AddressTest" time="0"/>
  <testcase name="addressesFromFileShouldNotBeEmptyAndHaveProperNames{String, String}" classname="pl.devfoundry.testing.account.AddressTest" time="0.002"/>
  <testcase name="addressesFromFileShouldNotBeEmptyAndHaveProperNames{String, String}" classname="pl.devfoundry.testing.account.AddressTest" time="0"/>
  <testcase name="addressesFromFileShouldNotBeEmptyAndHaveProperNames{String, String}" classname="pl.devfoundry.testing.account.AddressTest" time="0"/>
  <testcase name="addressesFromFileShouldNotBeEmptyAndHaveProperNames{String, String}" classname="pl.devfoundry.testing.account.AddressTest" time="0"/>
  <testcase name="addressesFromFileShouldNotBeEmptyAndHaveProperNames{String, String}" classname="pl.devfoundry.testing.account.AddressTest" time="0"/>
  <testcase name="addressesFromFileShouldNotBeEmptyAndHaveProperNames{String, String}" classname="pl.devfoundry.testing.account.AddressTest" time="0"/>
  <testcase name="addressesFromFileShouldNotBeEmptyAndHaveProperNames{String, String}" classname="pl.devfoundry.testing.account.AddressTest" time="0.001"/>
  <testcase name="addressesFromFileShouldNotBeEmptyAndHaveProperNames{String, String}" classname="pl.devfoundry.testing.account.AddressTest" time="0"/>
  <testcase name="addressesFromFileShouldNotBeEmptyAndHaveProperNames{String, String}" classname="pl.devfoundry.testing.account.AddressTest" time="0"/>
  <testcase name="addressesFromFileShouldNotBeEmptyAndHaveProperNames{String, String}" classname="pl.devfoundry.testing.account.AddressTest" time="0"/>
  <testcase name="addressesFromFileShouldNotBeEmptyAndHaveProperNames{String, String}" classname="pl.devfoundry.testing.account.AddressTest" time="0"/>
  <testcase name="addressesFromFileShouldNotBeEmptyAndHaveProperNames{String, String}" classname="pl.devfoundry.testing.account.AddressTest" time="0"/>
  <testcase name="addressesFromFileShouldNotBeEmptyAndHaveProperNames{String, String}" classname="pl.devfoundry.testing.account.AddressTest" time="0"/>
  <testcase name="addressesFromFileShouldNotBeEmptyAndHaveProperNames{String, String}" classname="pl.devfoundry.testing.account.AddressTest" time="0"/>
  <testcase name="addressesFromFileShouldNotBeEmptyAndHaveProperNames{String, String}" classname="pl.devfoundry.testing.account.AddressTest" time="0"/>
  <testcase name="addressesFromFileShouldNotBeEmptyAndHaveProperNames{String, String}" classname="pl.devfoundry.testing.account.AddressTest" time="0"/>
  <testcase name="addressesFromFileShouldNotBeEmptyAndHaveProperNames{String, String}" classname="pl.devfoundry.testing.account.AddressTest" time="0"/>
  <testcase name="addressesFromFileShouldNotBeEmptyAndHaveProperNames{String, String}" classname="pl.devfoundry.testing.account.AddressTest" time="0"/>
  <testcase name="addressesFromFileShouldNotBeEmptyAndHaveProperNames{String, String}" classname="pl.devfoundry.testing.account.AddressTest" time="0.001"/>
  <testcase name="addressesFromFileShouldNotBeEmptyAndHaveProperNames{String, String}" classname="pl.devfoundry.testing.account.AddressTest" time="0.001"/>
  <testcase name="addressesFromFileShouldNotBeEmptyAndHaveProperNames{String, String}" classname="pl.devfoundry.testing.account.AddressTest" time="0.001"/>
  <testcase name="addressesFromFileShouldNotBeEmptyAndHaveProperNames{String, String}" classname="pl.devfoundry.testing.account.AddressTest" time="0"/>
  <testcase name="addressesFromFileShouldNotBeEmptyAndHaveProperNames{String, String}" classname="pl.devfoundry.testing.account.AddressTest" time="0"/>
  <testcase name="addressesFromFileShouldNotBeEmptyAndHaveProperNames{String, String}" classname="pl.devfoundry.testing.account.AddressTest" time="0.001"/>
  <testcase name="addressesFromFileShouldNotBeEmptyAndHaveProperNames{String, String}" classname="pl.devfoundry.testing.account.AddressTest" time="0.001"/>
  <testcase name="addressesFromFileShouldNotBeEmptyAndHaveProperNames{String, String}" classname="pl.devfoundry.testing.account.AddressTest" time="0.001"/>
  <testcase name="addressesFromFileShouldNotBeEmptyAndHaveProperNames{String, String}" classname="pl.devfoundry.testing.account.AddressTest" time="0.001"/>
  <testcase name="addressesFromFileShouldNotBeEmptyAndHaveProperNames{String, String}" classname="pl.devfoundry.testing.account.AddressTest" time="0.001"/>
  <testcase name="addressesFromFileShouldNotBeEmptyAndHaveProperNames{String, String}" classname="pl.devfoundry.testing.account.AddressTest" time="0.001"/>
  <testcase name="addressesFromFileShouldNotBeEmptyAndHaveProperNames{String, String}" classname="pl.devfoundry.testing.account.AddressTest" time="0"/>
  <testcase name="addressesFromFileShouldNotBeEmptyAndHaveProperNames{String, String}" classname="pl.devfoundry.testing.account.AddressTest" time="0"/>
  <testcase name="addressesFromFileShouldNotBeEmptyAndHaveProperNames{String, String}" classname="pl.devfoundry.testing.account.AddressTest" time="0"/>
  <testcase name="addressesFromFileShouldNotBeEmptyAndHaveProperNames{String, String}" classname="pl.devfoundry.testing.account.AddressTest" time="0.004"/>
  <testcase name="addressesFromFileShouldNotBeEmptyAndHaveProperNames{String, String}" classname="pl.devfoundry.testing.account.AddressTest" time="0"/>
  <testcase name="addressesFromFileShouldNotBeEmptyAndHaveProperNames{String, String}" classname="pl.devfoundry.testing.account.AddressTest" time="0.001"/>
  <testcase name="addressesFromFileShouldNotBeEmptyAndHaveProperNames{String, String}" classname="pl.devfoundry.testing.account.AddressTest" time="0"/>
  <testcase name="addressesFromFileShouldNotBeEmptyAndHaveProperNames{String, String}" classname="pl.devfoundry.testing.account.AddressTest" time="0"/>
  <testcase name="addressesFromFileShouldNotBeEmptyAndHaveProperNames{String, String}" classname="pl.devfoundry.testing.account.AddressTest" time="0.001"/>
  <testcase name="addressesFromFileShouldNotBeEmptyAndHaveProperNames{String, String}" classname="pl.devfoundry.testing.account.AddressTest" time="0.001"/>
  <testcase name="addressesFromFileShouldNotBeEmptyAndHaveProperNames{String, String}" classname="pl.devfoundry.testing.account.AddressTest" time="0"/>
  <testcase name="addressesFromFileShouldNotBeEmptyAndHaveProperNames{String, String}" classname="pl.devfoundry.testing.account.AddressTest" time="0"/>
  <testcase name="addressesFromFileShouldNotBeEmptyAndHaveProperNames{String, String}" classname="pl.devfoundry.testing.account.AddressTest" time="0"/>
  <testcase name="addressesFromFileShouldNotBeEmptyAndHaveProperNames{String, String}" classname="pl.devfoundry.testing.account.AddressTest" time="0"/>
  <testcase name="addressesFromFileShouldNotBeEmptyAndHaveProperNames{String, String}" classname="pl.devfoundry.testing.account.AddressTest" time="0.002"/>
  <testcase name="addressesFromFileShouldNotBeEmptyAndHaveProperNames{String, String}" classname="pl.devfoundry.testing.account.AddressTest" time="0"/>
  <testcase name="addressesFromFileShouldNotBeEmptyAndHaveProperNames{String, String}" classname="pl.devfoundry.testing.account.AddressTest" time="0"/>
  <testcase name="addressesFromFileShouldNotBeEmptyAndHaveProperNames{String, String}" classname="pl.devfoundry.testing.account.AddressTest" time="0"/>
  <testcase name="addressesFromFileShouldNotBeEmptyAndHaveProperNames{String, String}" classname="pl.devfoundry.testing.account.AddressTest" time="0"/>
  <testcase name="addressesFromFileShouldNotBeEmptyAndHaveProperNames{String, String}" classname="pl.devfoundry.testing.account.AddressTest" time="0"/>
  <testcase name="addressesFromFileShouldNotBeEmptyAndHaveProperNames{String, String}" classname="pl.devfoundry.testing.account.AddressTest" time="0"/>
  <testcase name="addressesFromFileShouldNotBeEmptyAndHaveProperNames{String, String}" classname="pl.devfoundry.testing.account.AddressTest" time="0"/>
  <testcase name="addressesFromFileShouldNotBeEmptyAndHaveProperNames{String, String}" classname="pl.devfoundry.testing.account.AddressTest" time="0.001"/>
  <testcase name="addressesFromFileShouldNotBeEmptyAndHaveProperNames{String, String}" classname="pl.devfoundry.testing.account.AddressTest" time="0.001"/>
  <testcase name="addressesFromFileShouldNotBeEmptyAndHaveProperNames{String, String}" classname="pl.devfoundry.testing.account.AddressTest" time="0"/>
  <testcase name="addressesFromFileShouldNotBeEmptyAndHaveProperNames{String, String}" classname="pl.devfoundry.testing.account.AddressTest" time="0"/>
  <testcase name="addressesFromFileShouldNotBeEmptyAndHaveProperNames{String, String}" classname="pl.devfoundry.testing.account.AddressTest" time="0"/>
  <testcase name="addressesFromFileShouldNotBeEmptyAndHaveProperNames{String, String}" classname="pl.devfoundry.testing.account.AddressTest" time="0"/>
  <testcase name="addressesFromFileShouldNotBeEmptyAndHaveProperNames{String, String}" classname="pl.devfoundry.testing.account.AddressTest" time="0"/>
  <testcase name="addressesFromFileShouldNotBeEmptyAndHaveProperNames{String, String}" classname="pl.devfoundry.testing.account.AddressTest" time="0"/>
  <testcase name="addressesFromFileShouldNotBeEmptyAndHaveProperNames{String, String}" classname="pl.devfoundry.testing.account.AddressTest" time="0"/>
  <testcase name="addressesFromFileShouldNotBeEmptyAndHaveProperNames{String, String}" classname="pl.devfoundry.testing.account.AddressTest" time="0.001"/>
  <testcase name="addressesFromFileShouldNotBeEmptyAndHaveProperNames{String, String}" classname="pl.devfoundry.testing.account.AddressTest" time="0"/>
  <testcase name="addressesFromFileShouldNotBeEmptyAndHaveProperNames{String, String}" classname="pl.devfoundry.testing.account.AddressTest" time="0"/>
  <testcase name="addressesFromFileShouldNotBeEmptyAndHaveProperNames{String, String}" classname="pl.devfoundry.testing.account.AddressTest" time="0"/>
  <testcase name="addressesFromFileShouldNotBeEmptyAndHaveProperNames{String, String}" classname="pl.devfoundry.testing.account.AddressTest" time="0.001"/>
  <testcase name="addressesFromFileShouldNotBeEmptyAndHaveProperNames{String, String}" classname="pl.devfoundry.testing.account.AddressTest" time="0"/>
  <testcase name="addressesFromFileShouldNotBeEmptyAndHaveProperNames{String, String}" classname="pl.devfoundry.testing.account.AddressTest" time="0"/>
  <testcase name="addressesFromFileShouldNotBeEmptyAndHaveProperNames{String, String}" classname="pl.devfoundry.testing.account.AddressTest" time="0.001"/>
  <testcase name="addressesFromFileShouldNotBeEmptyAndHaveProperNames{String, String}" classname="pl.devfoundry.testing.account.AddressTest" time="0.001"/>
  <testcase name="addressesFromFileShouldNotBeEmptyAndHaveProperNames{String, String}" classname="pl.devfoundry.testing.account.AddressTest" time="0"/>
  <testcase name="addressesFromFileShouldNotBeEmptyAndHaveProperNames{String, String}" classname="pl.devfoundry.testing.account.AddressTest" time="0"/>
  <testcase name="addressesFromFileShouldNotBeEmptyAndHaveProperNames{String, String}" classname="pl.devfoundry.testing.account.AddressTest" time="0.001"/>
  <testcase name="addressesFromFileShouldNotBeEmptyAndHaveProperNames{String, String}" classname="pl.devfoundry.testing.account.AddressTest" time="0"/>
  <testcase name="addressesFromFileShouldNotBeEmptyAndHaveProperNames{String, String}" classname="pl.devfoundry.testing.account.AddressTest" time="0"/>
  <testcase name="addressesFromFileShouldNotBeEmptyAndHaveProperNames{String, String}" classname="pl.devfoundry.testing.account.AddressTest" time="0"/>
  <testcase name="addressesFromFileShouldNotBeEmptyAndHaveProperNames{String, String}" classname="pl.devfoundry.testing.account.AddressTest" time="0"/>
  <testcase name="addressesFromFileShouldNotBeEmptyAndHaveProperNames{String, String}" classname="pl.devfoundry.testing.account.AddressTest" time="0.004"/>
  <testcase name="addressesFromFileShouldNotBeEmptyAndHaveProperNames{String, String}" classname="pl.devfoundry.testing.account.AddressTest" time="0"/>
  <testcase name="addressesFromFileShouldNotBeEmptyAndHaveProperNames{String, String}" classname="pl.devfoundry.testing.account.AddressTest" time="0"/>
  <testcase name="addressesFromFileShouldNotBeEmptyAndHaveProperNames{String, String}" classname="pl.devfoundry.testing.account.AddressTest" time="0.001"/>
  <testcase name="addressesFromFileShouldNotBeEmptyAndHaveProperNames{String, String}" classname="pl.devfoundry.testing.account.AddressTest" time="0"/>
  <testcase name="addressesFromFileShouldNotBeEmptyAndHaveProperNames{String, String}" classname="pl.devfoundry.testing.account.AddressTest" time="0"/>
  <testcase name="addressesFromFileShouldNotBeEmptyAndHaveProperNames{String, String}" classname="pl.devfoundry.testing.account.AddressTest" time="0"/>
  <testcase name="addressesFromFileShouldNotBeEmptyAndHaveProperNames{String, String}" classname="pl.devfoundry.testing.account.AddressTest" time="0.001"/>
  <testcase name="addressesFromFileShouldNotBeEmptyAndHaveProperNames{String, String}" classname="pl.devfoundry.testing.account.AddressTest" time="0"/>
  <testcase name="addressesFromFileShouldNotBeEmptyAndHaveProperNames{String, String}" classname="pl.devfoundry.testing.account.AddressTest" time="0"/>
  <testcase name="addressesFromFileShouldNotBeEmptyAndHaveProperNames{String, String}" classname="pl.devfoundry.testing.account.AddressTest" time="0"/>
  <testcase name="addressesFromFileShouldNotBeEmptyAndHaveProperNames{String, String}" classname="pl.devfoundry.testing.account.AddressTest" time="0.001"/>
  <testcase name="addressesFromFileShouldNotBeEmptyAndHaveProperNames{String, String}" classname="pl.devfoundry.testing.account.AddressTest" time="0.001"/>
  <testcase name="addressesFromFileShouldNotBeEmptyAndHaveProperNames{String, String}" classname="pl.devfoundry.testing.account.AddressTest" time="0"/>
  <testcase name="addressesFromFileShouldNotBeEmptyAndHaveProperNames{String, String}" classname="pl.devfoundry.testing.account.AddressTest" time="0"/>
  <testcase name="addressesFromFileShouldNotBeEmptyAndHaveProperNames{String, String}" classname="pl.devfoundry.testing.account.AddressTest" time="0"/>
  <testcase name="addressesFromFileShouldNotBeEmptyAndHaveProperNames{String, String}" classname="pl.devfoundry.testing.account.AddressTest" time="0.001"/>
  <testcase name="addressesFromFileShouldNotBeEmptyAndHaveProperNames{String, String}" classname="pl.devfoundry.testing.account.AddressTest" time="0"/>
  <testcase name="addressesFromFileShouldNotBeEmptyAndHaveProperNames{String, String}" classname="pl.devfoundry.testing.account.AddressTest" time="0"/>
  <testcase name="addressesFromFileShouldNotBeEmptyAndHaveProperNames{String, String}" classname="pl.devfoundry.testing.account.AddressTest" time="0"/>
  <testcase name="addressesFromFileShouldNotBeEmptyAndHaveProperNames{String, String}" classname="pl.devfoundry.testing.account.AddressTest" time="0.001"/>
  <testcase name="addressesFromFileShouldNotBeEmptyAndHaveProperNames{String, String}" classname="pl.devfoundry.testing.account.AddressTest" time="0.005"/>
  <testcase name="addressesFromFileShouldNotBeEmptyAndHaveProperNames{String, String}" classname="pl.devfoundry.testing.account.AddressTest" time="0"/>
  <testcase name="addressesFromFileShouldNotBeEmptyAndHaveProperNames{String, String}" classname="pl.devfoundry.testing.account.AddressTest" time="0"/>
  <testcase name="addressesFromFileShouldNotBeEmptyAndHaveProperNames{String, String}" classname="pl.devfoundry.testing.account.AddressTest" time="0"/>
  <testcase name="addressesFromFileShouldNotBeEmptyAndHaveProperNames{String, String}" classname="pl.devfoundry.testing.account.AddressTest" time="0"/>
  <testcase name="addressesFromFileShouldNotBeEmptyAndHaveProperNames{String, String}" classname="pl.devfoundry.testing.account.AddressTest" time="0.001"/>
  <testcase name="addressesFromFileShouldNotBeEmptyAndHaveProperNames{String, String}" classname="pl.devfoundry.testing.account.AddressTest" time="0"/>
  <testcase name="addressesFromFileShouldNotBeEmptyAndHaveProperNames{String, String}" classname="pl.devfoundry.testing.account.AddressTest" time="0"/>
  <testcase name="addressesFromFileShouldNotBeEmptyAndHaveProperNames{String, String}" classname="pl.devfoundry.testing.account.AddressTest" time="0"/>
  <testcase name="addressesFromFileShouldNotBeEmptyAndHaveProperNames{String, String}" classname="pl.devfoundry.testing.account.AddressTest" time="0.003"/>
  <testcase name="addressesFromFileShouldNotBeEmptyAndHaveProperNames{String, String}" classname="pl.devfoundry.testing.account.AddressTest" time="0"/>
  <testcase name="addressesFromFileShouldNotBeEmptyAndHaveProperNames{String, String}" classname="pl.devfoundry.testing.account.AddressTest" time="0"/>
  <testcase name="addressesFromFileShouldNotBeEmptyAndHaveProperNames{String, String}" classname="pl.devfoundry.testing.account.AddressTest" time="0"/>
  <testcase name="addressesFromFileShouldNotBeEmptyAndHaveProperNames{String, String}" classname="pl.devfoundry.testing.account.AddressTest" time="0.001"/>
  <testcase name="addressesFromFileShouldNotBeEmptyAndHaveProperNames{String, String}" classname="pl.devfoundry.testing.account.AddressTest" time="0"/>
  <testcase name="addressesFromFileShouldNotBeEmptyAndHaveProperNames{String, String}" classname="pl.devfoundry.testing.account.AddressTest" time="0"/>
  <testcase name="addressesFromFileShouldNotBeEmptyAndHaveProperNames{String, String}" classname="pl.devfoundry.testing.account.AddressTest" time="0"/>
  <testcase name="addressesFromFileShouldNotBeEmptyAndHaveProperNames{String, String}" classname="pl.devfoundry.testing.account.AddressTest" time="0"/>
  <testcase name="addressesFromFileShouldNotBeEmptyAndHaveProperNames{String, String}" classname="pl.devfoundry.testing.account.AddressTest" time="0"/>
  <testcase name="addressesFromFileShouldNotBeEmptyAndHaveProperNames{String, String}" classname="pl.devfoundry.testing.account.AddressTest" time="0"/>
  <testcase name="addressesFromFileShouldNotBeEmptyAndHaveProperNames{String, String}" classname="pl.devfoundry.testing.account.AddressTest" time="0"/>
  <testcase name="addressesFromFileShouldNotBeEmptyAndHaveProperNames{String, String}" classname="pl.devfoundry.testing.account.AddressTest" time="0"/>
  <testcase name="addressesFromFileShouldNotBeEmptyAndHaveProperNames{String, String}" classname="pl.devfoundry.testing.account.AddressTest" time="0"/>
  <testcase name="addressesFromFileShouldNotBeEmptyAndHaveProperNames{String, String}" classname="pl.devfoundry.testing.account.AddressTest" time="0"/>
  <testcase name="addressesFromFileShouldNotBeEmptyAndHaveProperNames{String, String}" classname="pl.devfoundry.testing.account.AddressTest" time="0"/>
  <testcase name="addressesFromFileShouldNotBeEmptyAndHaveProperNames{String, String}" classname="pl.devfoundry.testing.account.AddressTest" time="0"/>
  <testcase name="addressesFromFileShouldNotBeEmptyAndHaveProperNames{String, String}" classname="pl.devfoundry.testing.account.AddressTest" time="0.001"/>
  <testcase name="addressesFromFileShouldNotBeEmptyAndHaveProperNames{String, String}" classname="pl.devfoundry.testing.account.AddressTest" time="0"/>
  <testcase name="addressesFromFileShouldNotBeEmptyAndHaveProperNames{String, String}" classname="pl.devfoundry.testing.account.AddressTest" time="0"/>
  <testcase name="addressesFromFileShouldNotBeEmptyAndHaveProperNames{String, String}" classname="pl.devfoundry.testing.account.AddressTest" time="0.001"/>
  <testcase name="addressesFromFileShouldNotBeEmptyAndHaveProperNames{String, String}" classname="pl.devfoundry.testing.account.AddressTest" time="0.001"/>
  <testcase name="addressesFromFileShouldNotBeEmptyAndHaveProperNames{String, String}" classname="pl.devfoundry.testing.account.AddressTest" time="0"/>
  <testcase name="addressesFromFileShouldNotBeEmptyAndHaveProperNames{String, String}" classname="pl.devfoundry.testing.account.AddressTest" time="0"/>
  <testcase name="addressesFromFileShouldNotBeEmptyAndHaveProperNames{String, String}" classname="pl.devfoundry.testing.account.AddressTest" time="0"/>
  <testcase name="addressesFromFileShouldNotBeEmptyAndHaveProperNames{String, String}" classname="pl.devfoundry.testing.account.AddressTest" time="0"/>
  <testcase name="addressesFromFileShouldNotBeEmptyAndHaveProperNames{String, String}" classname="pl.devfoundry.testing.account.AddressTest" time="0.001"/>
[...]
  <testcase name="addressesFromFileShouldNotBeEmptyAndHaveProperNames{String, String}" classname="pl.devfoundry.testing.account.AddressTest" time="0"/>
  <testcase name="addressesFromFileShouldNotBeEmptyAndHaveProperNames{String, String}" classname="pl.devfoundry.testing.account.AddressTest" time="0"/>
  <testcase name="addressesFromFileShouldNotBeEmptyAndHaveProperNames{String, String}" classname="pl.devfoundry.testing.account.AddressTest" time="0"/>
  <testcase name="addressesFromFileShouldNotBeEmptyAndHaveProperNames{String, String}" classname="pl.devfoundry.testing.account.AddressTest" time="0.001"/>
  <testcase name="addressesFromFileShouldNotBeEmptyAndHaveProperNames{String, String}" classname="pl.devfoundry.testing.account.AddressTest" time="0"/>
  <testcase name="addressesFromFileShouldNotBeEmptyAndHaveProperNames{String, String}" classname="pl.devfoundry.testing.account.AddressTest" time="0"/>
  <testcase name="addressesFromFileShouldNotBeEmptyAndHaveProperNames{String, String}" classname="pl.devfoundry.testing.account.AddressTest" time="0.001"/>
  <testcase name="addressesFromFileShouldNotBeEmptyAndHaveProperNames{String, String}" classname="pl.devfoundry.testing.account.AddressTest" time="0"/>
  <testcase name="addressesFromFileShouldNotBeEmptyAndHaveProperNames{String, String}" classname="pl.devfoundry.testing.account.AddressTest" time="0"/>
  <testcase name="addressesFromFileShouldNotBeEmptyAndHaveProperNames{String, String}" classname="pl.devfoundry.testing.account.AddressTest" time="0"/>
  <testcase name="addressesFromFileShouldNotBeEmptyAndHaveProperNames{String, String}" classname="pl.devfoundry.testing.account.AddressTest" time="0"/>
  <testcase name="addressesFromFileShouldNotBeEmptyAndHaveProperNames{String, String}" classname="pl.devfoundry.testing.account.AddressTest" time="0"/>
  <testcase name="addressesFromFileShouldNotBeEmptyAndHaveProperNames{String, String}" classname="pl.devfoundry.testing.account.AddressTest" time="0"/>
  <testcase name="addressesFromFileShouldNotBeEmptyAndHaveProperNames{String, String}" classname="pl.devfoundry.testing.account.AddressTest" time="0"/>
  <testcase name="addressesFromFileShouldNotBeEmptyAndHaveProperNames{String, String}" classname="pl.devfoundry.testing.account.AddressTest" time="0"/>
  <testcase name="addressesFromFileShouldNotBeEmptyAndHaveProperNames{String, String}" classname="pl.devfoundry.testing.account.AddressTest" time="0.001"/>
  <testcase name="addressesFromFileShouldNotBeEmptyAndHaveProperNames{String, String}" classname="pl.devfoundry.testing.account.AddressTest" time="0"/>
  <testcase name="addressesFromFileShouldNotBeEmptyAndHaveProperNames{String, String}" classname="pl.devfoundry.testing.account.AddressTest" time="0"/>
  <testcase name="addressesFromFileShouldNotBeEmptyAndHaveProperNames{String, String}" classname="pl.devfoundry.testing.account.AddressTest" time="0"/>
  <testcase name="addressesFromFileShouldNotBeEmptyAndHaveProperNames{String, String}" classname="pl.devfoundry.testing.account.AddressTest" time="0"/>
  <testcase name="addressesFromFileShouldNotBeEmptyAndHaveProperNames{String, String}" classname="pl.devfoundry.testing.account.AddressTest" time="0"/>
  <testcase name="addressesFromFileShouldNotBeEmptyAndHaveProperNames{String, String}" classname="pl.devfoundry.testing.account.AddressTest" time="0"/>
  <testcase name="addressesFromFileShouldNotBeEmptyAndHaveProperNames{String, String}" classname="pl.devfoundry.testing.account.AddressTest" time="0"/>
  <testcase name="addressesFromFileShouldNotBeEmptyAndHaveProperNames{String, String}" classname="pl.devfoundry.testing.account.AddressTest" time="0.001"/>
  <testcase name="addressesFromFileShouldNotBeEmptyAndHaveProperNames{String, String}" classname="pl.devfoundry.testing.account.AddressTest" time="0"/>
  <testcase name="addressesFromFileShouldNotBeEmptyAndHaveProperNames{String, String}" classname="pl.devfoundry.testing.account.AddressTest" time="0"/>
  <testcase name="addressesFromFileShouldNotBeEmptyAndHaveProperNames{String, String}" classname="pl.devfoundry.testing.account.AddressTest" time="0"/>
  <testcase name="addressesFromFileShouldNotBeEmptyAndHaveProperNames{String, String}" classname="pl.devfoundry.testing.account.AddressTest" time="0"/>
  <testcase name="addressesFromFileShouldNotBeEmptyAndHaveProperNames{String, String}" classname="pl.devfoundry.testing.account.AddressTest" time="0"/>
  <testcase name="addressesFromFileShouldNotBeEmptyAndHaveProperNames{String, String}" classname="pl.devfoundry.testing.account.AddressTest" time="0"/>
  <testcase name="addressesFromFileShouldNotBeEmptyAndHaveProperNames{String, String}" classname="pl.devfoundry.testing.account.AddressTest" time="0.001"/>
  <testcase name="addressesFromFileShouldNotBeEmptyAndHaveProperNames{String, String}" classname="pl.devfoundry.testing.account.AddressTest" time="0"/>
  <testcase name="addressesFromFileShouldNotBeEmptyAndHaveProperNames{String, String}" classname="pl.devfoundry.testing.account.AddressTest" time="0"/>
  <testcase name="addressesFromFileShouldNotBeEmptyAndHaveProperNames{String, String}" classname="pl.devfoundry.testing.account.AddressTest" time="0"/>
  <testcase name="addressesFromFileShouldNotBeEmptyAndHaveProperNames{String, String}" classname="pl.devfoundry.testing.account.AddressTest" time="0"/>
  <testcase name="addressesFromFileShouldNotBeEmptyAndHaveProperNames{String, String}" classname="pl.devfoundry.testing.account.AddressTest" time="0"/>
  <testcase name="addressesFromFileShouldNotBeEmptyAndHaveProperNames{String, String}" classname="pl.devfoundry.testing.account.AddressTest" time="0"/>
  <testcase name="addressesFromFileShouldNotBeEmptyAndHaveProperNames{String, String}" classname="pl.devfoundry.testing.account.AddressTest" time="0"/>
  <testcase name="addressesFromFileShouldNotBeEmptyAndHaveProperNames{String, String}" classname="pl.devfoundry.testing.account.AddressTest" time="0"/>
  <testcase name="addressesFromFileShouldNotBeEmptyAndHaveProperNames{String, String}" classname="pl.devfoundry.testing.account.AddressTest" time="0"/>
  <testcase name="addressesFromFileShouldNotBeEmptyAndHaveProperNames{String, String}" classname="pl.devfoundry.testing.account.AddressTest" time="0"/>
  <testcase name="addressesFromFileShouldNotBeEmptyAndHaveProperNames{String, String}" classname="pl.devfoundry.testing.account.AddressTest" time="0"/>
  <testcase name="addressesFromFileShouldNotBeEmptyAndHaveProperNames{String, String}" classname="pl.devfoundry.testing.account.AddressTest" time="0"/>
  <testcase name="addressesFromFileShouldNotBeEmptyAndHaveProperNames{String, String}" classname="pl.devfoundry.testing.account.AddressTest" time="0.001"/>
  <testcase name="addressesFromFileShouldNotBeEmptyAndHaveProperNames{String, String}" classname="pl.devfoundry.testing.account.AddressTest" time="0"/>
  <testcase name="addressesFromFileShouldNotBeEmptyAndHaveProperNames{String, String}" classname="pl.devfoundry.testing.account.AddressTest" time="0"/>
  <testcase name="addressesFromFileShouldNotBeEmptyAndHaveProperNames{String, String}" classname="pl.devfoundry.testing.account.AddressTest" time="0"/>
  <testcase name="addressesFromFileShouldNotBeEmptyAndHaveProperNames{String, String}" classname="pl.devfoundry.testing.account.AddressTest" time="0"/>
  <testcase name="addressesFromFileShouldNotBeEmptyAndHaveProperNames{String, String}" classname="pl.devfoundry.testing.account.AddressTest" time="0.001"/>
  <testcase name="addressesFromFileShouldNotBeEmptyAndHaveProperNames{String, String}" classname="pl.devfoundry.testing.account.AddressTest" time="0"/>
  <testcase name="addressesFromFileShouldNotBeEmptyAndHaveProperNames{String, String}" classname="pl.devfoundry.testing.account.AddressTest" time="0"/>
  <testcase name="addressesFromFileShouldNotBeEmptyAndHaveProperNames{String, String}" classname="pl.devfoundry.testing.account.AddressTest" time="0"/>
  <testcase name="addressesFromFileShouldNotBeEmptyAndHaveProperNames{String, String}" classname="pl.devfoundry.testing.account.AddressTest" time="0"/>
  <testcase name="addressesFromFileShouldNotBeEmptyAndHaveProperNames{String, String}" classname="pl.devfoundry.testing.account.AddressTest" time="0.001"/>
  <testcase name="addressesFromFileShouldNotBeEmptyAndHaveProperNames{String, String}" classname="pl.devfoundry.testing.account.AddressTest" time="0"/>
  <testcase name="addressesFromFileShouldNotBeEmptyAndHaveProperNames{String, String}" classname="pl.devfoundry.testing.account.AddressTest" time="0"/>
  <testcase name="addressesFromFileShouldNotBeEmptyAndHaveProperNames{String, String}" classname="pl.devfoundry.testing.account.AddressTest" time="0"/>
  <testcase name="addressesFromFileShouldNotBeEmptyAndHaveProperNames{String, String}" classname="pl.devfoundry.testing.account.AddressTest" time="0"/>
  <testcase name="addressesFromFileShouldNotBeEmptyAndHaveProperNames{String, String}" classname="pl.devfoundry.testing.account.AddressTest" time="0"/>
  <testcase name="addressesFromFileShouldNotBeEmptyAndHaveProperNames{String, String}" classname="pl.devfoundry.testing.account.AddressTest" time="0"/>
  <testcase name="addressesFromFileShouldNotBeEmptyAndHaveProperNames{String, String}" classname="pl.devfoundry.testing.account.AddressTest" time="0"/>
  <testcase name="addressesFromFileShouldNotBeEmptyAndHaveProperNames{String, String}" classname="pl.devfoundry.testing.account.AddressTest" time="0"/>
  <testcase name="addressesFromFileShouldNotBeEmptyAndHaveProperNames{String, String}" classname="pl.devfoundry.testing.account.AddressTest" time="0"/>
  <testcase name="addressesFromFileShouldNotBeEmptyAndHaveProperNames{String, String}" classname="pl.devfoundry.testing.account.AddressTest" time="0"/>
  <testcase name="addressesFromFileShouldNotBeEmptyAndHaveProperNames{String, String}" classname="pl.devfoundry.testing.account.AddressTest" time="0"/>
  <testcase name="addressesFromFileShouldNotBeEmptyAndHaveProperNames{String, String}" classname="pl.devfoundry.testing.account.AddressTest" time="0"/>
  <testcase name="addressesFromFileShouldNotBeEmptyAndHaveProperNames{String, String}" classname="pl.devfoundry.testing.account.AddressTest" time="0.001"/>
  <testcase name="addressesFromFileShouldNotBeEmptyAndHaveProperNames{String, String}" classname="pl.devfoundry.testing.account.AddressTest" time="0"/>
  <testcase name="addressesFromFileShouldNotBeEmptyAndHaveProperNames{String, String}" classname="pl.devfoundry.testing.account.AddressTest" time="0"/>
  <testcase name="addressesFromFileShouldNotBeEmptyAndHaveProperNames{String, String}" classname="pl.devfoundry.testing.account.AddressTest" time="0"/>
  <testcase name="addressesFromFileShouldNotBeEmptyAndHaveProperNames{String, String}" classname="pl.devfoundry.testing.account.AddressTest" time="0"/>
  <testcase name="addressesFromFileShouldNotBeEmptyAndHaveProperNames{String, String}" classname="pl.devfoundry.testing.account.AddressTest" time="0.001"/>
  <testcase name="addressesFromFileShouldNotBeEmptyAndHaveProperNames{String, String}" classname="pl.devfoundry.testing.account.AddressTest" time="0"/>
  <testcase name="addressesFromFileShouldNotBeEmptyAndHaveProperNames{String, String}" classname="pl.devfoundry.testing.account.AddressTest" time="0"/>
  <testcase name="addressesFromFileShouldNotBeEmptyAndHaveProperNames{String, String}" classname="pl.devfoundry.testing.account.AddressTest" time="0"/>
  <testcase name="addressesFromFileShouldNotBeEmptyAndHaveProperNames{String, String}" classname="pl.devfoundry.testing.account.AddressTest" time="0"/>
  <testcase name="addressesFromFileShouldNotBeEmptyAndHaveProperNames{String, String}" classname="pl.devfoundry.testing.account.AddressTest" time="0"/>
  <testcase name="addressesFromFileShouldNotBeEmptyAndHaveProperNames{String, String}" classname="pl.devfoundry.testing.account.AddressTest" time="0"/>
  <testcase name="addressesFromFileShouldNotBeEmptyAndHaveProperNames{String, String}" classname="pl.devfoundry.testing.account.AddressTest" time="0"/>
  <testcase name="addressesFromFileShouldNotBeEmptyAndHaveProperNames{String, String}" classname="pl.devfoundry.testing.account.AddressTest" time="0"/>
  <testcase name="addressesFromFileShouldNotBeEmptyAndHaveProperNames{String, String}" classname="pl.devfoundry.testing.account.AddressTest" time="0"/>
  <testcase name="addressesFromFileShouldNotBeEmptyAndHaveProperNames{String, String}" classname="pl.devfoundry.testing.account.AddressTest" time="0"/>
  <testcase name="addressesFromFileShouldNotBeEmptyAndHaveProperNames{String, String}" classname="pl.devfoundry.testing.account.AddressTest" time="0.001"/>
  <testcase name="addressesFromFileShouldNotBeEmptyAndHaveProperNames{String, String}" classname="pl.devfoundry.testing.account.AddressTest" time="0"/>
  <testcase name="addressesFromFileShouldNotBeEmptyAndHaveProperNames{String, String}" classname="pl.devfoundry.testing.account.AddressTest" time="0.001"/>
  <testcase name="addressesFromFileShouldNotBeEmptyAndHaveProperNames{String, String}" classname="pl.devfoundry.testing.account.AddressTest" time="0"/>
  <testcase name="addressesFromFileShouldNotBeEmptyAndHaveProperNames{String, String}" classname="pl.devfoundry.testing.account.AddressTest" time="0.001"/>
  <testcase name="addressesFromFileShouldNotBeEmptyAndHaveProperNames{String, String}" classname="pl.devfoundry.testing.account.AddressTest" time="0"/>
  <testcase name="addressesFromFileShouldNotBeEmptyAndHaveProperNames{String, String}" classname="pl.devfoundry.testing.account.AddressTest" time="0"/>
  <testcase name="addressesFromFileShouldNotBeEmptyAndHaveProperNames{String, String}" classname="pl.devfoundry.testing.account.AddressTest" time="0"/>
  <testcase name="addressesFromFileShouldNotBeEmptyAndHaveProperNames{String, String}" classname="pl.devfoundry.testing.account.AddressTest" time="0"/>
  <testcase name="addressesFromFileShouldNotBeEmptyAndHaveProperNames{String, String}" classname="pl.devfoundry.testing.account.AddressTest" time="0"/>
  <testcase name="addressesFromFileShouldNotBeEmptyAndHaveProperNames{String, String}" classname="pl.devfoundry.testing.account.AddressTest" time="0"/>
  <testcase name="addressesFromFileShouldNotBeEmptyAndHaveProperNames{String, String}" classname="pl.devfoundry.testing.account.AddressTest" time="0"/>
  <testcase name="addressesFromFileShouldNotBeEmptyAndHaveProperNames{String, String}" classname="pl.devfoundry.testing.account.AddressTest" time="0.001"/>
  <testcase name="addressesFromFileShouldNotBeEmptyAndHaveProperNames{String, String}" classname="pl.devfoundry.testing.account.AddressTest" time="0"/>
  <testcase name="addressesFromFileShouldNotBeEmptyAndHaveProperNames{String, String}" classname="pl.devfoundry.testing.account.AddressTest" time="0"/>
  <testcase name="addressesFromFileShouldNotBeEmptyAndHaveProperNames{String, String}" classname="pl.devfoundry.testing.account.AddressTest" time="0"/>
  <testcase name="addressesFromFileShouldNotBeEmptyAndHaveProperNames{String, String}" classname="pl.devfoundry.testing.account.AddressTest" time="0"/>
  <testcase name="addressesFromFileShouldNotBeEmptyAndHaveProperNames{String, String}" classname="pl.devfoundry.testing.account.AddressTest" time="0.001"/>
  <testcase name="addressesFromFileShouldNotBeEmptyAndHaveProperNames{String, String}" classname="pl.devfoundry.testing.account.AddressTest" time="0"/>
  <testcase name="addressesFromFileShouldNotBeEmptyAndHaveProperNames{String, String}" classname="pl.devfoundry.testing.account.AddressTest" time="0"/>
  <testcase name="addressesFromFileShouldNotBeEmptyAndHaveProperNames{String, String}" classname="pl.devfoundry.testing.account.AddressTest" time="0.001"/>
  <testcase name="addressesFromFileShouldNotBeEmptyAndHaveProperNames{String, String}" classname="pl.devfoundry.testing.account.AddressTest" time="0"/>
  <testcase name="addressesFromFileShouldNotBeEmptyAndHaveProperNames{String, String}" classname="pl.devfoundry.testing.account.AddressTest" time="0"/>
  <testcase name="addressesFromFileShouldNotBeEmptyAndHaveProperNames{String, String}" classname="pl.devfoundry.testing.account.AddressTest" time="0"/>
  <testcase name="addressesFromFileShouldNotBeEmptyAndHaveProperNames{String, String}" classname="pl.devfoundry.testing.account.AddressTest" time="0"/>
  <testcase name="addressesFromFileShouldNotBeEmptyAndHaveProperNames{String, String}" classname="pl.devfoundry.testing.account.AddressTest" time="0"/>
  <testcase name="addressesFromFileShouldNotBeEmptyAndHaveProperNames{String, String}" classname="pl.devfoundry.testing.account.AddressTest" time="0"/>
  <testcase name="addressesFromFileShouldNotBeEmptyAndHaveProperNames{String, String}" classname="pl.devfoundry.testing.account.AddressTest" time="0.001"/>
  <testcase name="addressesFromFileShouldNotBeEmptyAndHaveProperNames{String, String}" classname="pl.devfoundry.testing.account.AddressTest" time="0"/>
  <testcase name="addressesFromFileShouldNotBeEmptyAndHaveProperNames{String, String}" classname="pl.devfoundry.testing.account.AddressTest" time="0"/>
  <testcase name="addressesFromFileShouldNotBeEmptyAndHaveProperNames{String, String}" classname="pl.devfoundry.testing.account.AddressTest" time="0"/>
  <testcase name="addressesFromFileShouldNotBeEmptyAndHaveProperNames{String, String}" classname="pl.devfoundry.testing.account.AddressTest" time="0"/>
  <testcase name="addressesFromFileShouldNotBeEmptyAndHaveProperNames{String, String}" classname="pl.devfoundry.testing.account.AddressTest" time="0"/>
  <testcase name="addressesFromFileShouldNotBeEmptyAndHaveProperNames{String, String}" classname="pl.devfoundry.testing.account.AddressTest" time="0.001"/>
  <testcase name="addressesFromFileShouldNotBeEmptyAndHaveProperNames{String, String}" classname="pl.devfoundry.testing.account.AddressTest" time="0.001"/>
  <testcase name="addressesFromFileShouldNotBeEmptyAndHaveProperNames{String, String}" classname="pl.devfoundry.testing.account.AddressTest" time="0"/>
  <testcase name="addressesFromFileShouldNotBeEmptyAndHaveProperNames{String, String}" classname="pl.devfoundry.testing.account.AddressTest" time="0"/>
  <testcase name="addressesFromFileShouldNotBeEmptyAndHaveProperNames{String, String}" classname="pl.devfoundry.testing.account.AddressTest" time="0"/>
  <testcase name="addressesFromFileShouldNotBeEmptyAndHaveProperNames{String, String}" classname="pl.devfoundry.testing.account.AddressTest" time="0"/>
  <testcase name="addressesFromFileShouldNotBeEmptyAndHaveProperNames{String, String}" classname="pl.devfoundry.testing.account.AddressTest" time="0"/>
  <testcase name="addressesFromFileShouldNotBeEmptyAndHaveProperNames{String, String}" classname="pl.devfoundry.testing.account.AddressTest" time="0"/>
  <testcase name="addressesFromFileShouldNotBeEmptyAndHaveProperNames{String, String}" classname="pl.devfoundry.testing.account.AddressTest" time="0"/>
  <testcase name="addressesFromFileShouldNotBeEmptyAndHaveProperNames{String, String}" classname="pl.devfoundry.testing.account.AddressTest" time="0.001"/>
  <testcase name="addressesFromFileShouldNotBeEmptyAndHaveProperNames{String, String}" classname="pl.devfoundry.testing.account.AddressTest" time="0"/>
  <testcase name="addressesFromFileShouldNotBeEmptyAndHaveProperNames{String, String}" classname="pl.devfoundry.testing.account.AddressTest" time="0"/>
  <testcase name="addressesFromFileShouldNotBeEmptyAndHaveProperNames{String, String}" classname="pl.devfoundry.testing.account.AddressTest" time="0"/>
  <testcase name="givenAddressesShouldNotBeEmptyAndHaveProperNames{String, String}" classname="pl.devfoundry.testing.account.AddressTest" time="0"/>
  <testcase name="givenAddressesShouldNotBeEmptyAndHaveProperNames{String, String}" classname="pl.devfoundry.testing.account.AddressTest" time="0"/>
  <testcase name="givenAddressesShouldNotBeEmptyAndHaveProperNames{String, String}" classname="pl.devfoundry.testing.account.AddressTest" time="0"/>
</testsuite>