<?xml version="1.0" encoding="UTF-8"?>
<testsuite xmlns:xsi="http://www.w3.org/2001/XMLSchema-instance" xsi:noNamespaceSchemaLocation="https://maven.apache.org/surefire/maven-surefire-plugin/xsd/surefire-test-report.xsd" name="pl.devfoundry.testing.homework.UnitTest" time="0.049" tests="6" errors="0" skipped="0" failures="0">
  <properties>
[...]
</properties>
  <testcase name="cargoCanNotExceedMaxWeightLimit" classname="pl.devfoundry.testing.homework.UnitTest" time="0"/>
  <testcase name="unitShouldLoseFuelWhenMoving" classname="pl.devfoundry.testing.homework.UnitTest" time="0"/>
  <testcase name="movedUnitShouldReturnNewCoordinates" classname="pl.devfoundry.testing.homework.UnitTest" time="0"/>
  <testcase name="unloadingAllCargoShouldReduceUnitLoadToZero" classname="pl.devfoundry.testing.homework.UnitTest" time="0"/>
  <testcase name="fuelingShouldNotExceedMaxFuelLimit" classname="pl.devfoundry.testing.homework.UnitTest" time="0"/>
  <testcase name="unitShouldNotMoveWithoutFuel" classname="pl.devfoundry.testing.homework.UnitTest" time="0"/>
</testsuite>