GROUP,PACKAGE,CLASS,INSTRUCTION_MISSED,INSTRUCTION_COVERED,BRANCH_MISSED,BRANCH_COVERED,LINE_MISSED,LINE_COVERED,COMPLEXITY_MISSED,COMPLEXITY_COVERED,METHOD_MISSED,METHOD_COVERED
unit-testing-java,pl.devfoundry.testing.order,Order,0,31,0,0,0,10,0,6,0,6
unit-testing-java,pl.devfoundry.testing.order,OrderStatus,0,34,0,0,0,2,0,1,0,1
unit-testing-java,pl.devfoundry.testing.order,OrderBackup,0,39,0,0,0,11,0,5,0,5
unit-testing-java,pl.devfoundry.testing.account,Account,3,31,1,1,1,14,1,6,0,6
unit-testing-java,pl.devfoundry.testing.account,Address,0,9,0,0,0,4,0,1,0,1
unit-testing-java,pl.devfoundry.testing.extensions,BeforeAfterExtension,0,11,0,0,0,5,0,3,0,3
unit-testing-java,pl.devfoundry.testing.extensions,IAExceptionIgnoreExtension,2,16,1,1,1,5,1,3,0,3
unit-testing-java,pl.devfoundry.testing,Meal,26,85,7,9,3,23,6,11,1,8
unit-testing-java,pl.devfoundry.testing,Cart,39,17,2,0,10,5,3,3,2,3
