-------------------------------------------------------------------------------
Test set: com.in28minutes.business.TodoBusinessImplMockitoTest
-------------------------------------------------------------------------------
Tests run: 4, Failures: 0, Errors: 1, Skipped: 0, Time elapsed: 0.001 s <<< FAILURE! - in com.in28minutes.business.TodoBusinessImplMockitoTest
usingMockito  Time elapsed: 0 s  <<< ERROR!
java.lang.NullPointerException
	at com.in28minutes.business.TodoBusinessImplMockitoTest.usingMockito(TodoBusinessImplMockitoTest.java:35)

